{"/home/gabriel/Documentos/Bootcamp/drivent/Drivent-Back/src/app.ts": {"path":"/home/gabriel/Documentos/Bootcamp/drivent/Drivent-Back/src/app.ts","statementMap":{"0":{"start":{"line":1,"column":0},"end":{"line":1,"column":17}},"1":{"start":{"line":3,"column":0},"end":{"line":3,"column":30}},"2":{"start":{"line":4,"column":0},"end":{"line":4,"column":30}},"3":{"start":{"line":5,"column":0},"end":{"line":5,"column":38}},"4":{"start":{"line":6,"column":0},"end":{"line":6,"column":24}},"5":{"start":{"line":7,"column":0},"end":{"line":7,"column":26}},"6":{"start":{"line":8,"column":0},"end":{"line":8,"column":41}},"7":{"start":{"line":9,"column":0},"end":{"line":9,"column":52}},"8":{"start":{"line":11,"column":0},"end":{"line":11,"column":41}},"9":{"start":{"line":12,"column":0},"end":{"line":12,"column":76}},"10":{"start":{"line":13,"column":0},"end":{"line":13,"column":31}},"11":{"start":{"line":15,"column":12},"end":{"line":15,"column":21}},"12":{"start":{"line":16,"column":0},"end":{"line":16,"column":16}},"13":{"start":{"line":17,"column":0},"end":{"line":17,"column":24}},"14":{"start":{"line":19,"column":0},"end":{"line":21,"column":3}},"15":{"start":{"line":20,"column":2},"end":{"line":20,"column":18}},"16":{"start":{"line":22,"column":19},"end":{"line":22,"column":40}},"17":{"start":{"line":23,"column":0},"end":{"line":23,"column":35}},"18":{"start":{"line":24,"column":13},"end":{"line":26,"column":3}},"19":{"start":{"line":28,"column":0},"end":{"line":30,"column":3}},"20":{"start":{"line":29,"column":2},"end":{"line":29,"column":69}},"21":{"start":{"line":31,"column":0},"end":{"line":33,"column":3}},"22":{"start":{"line":32,"column":2},"end":{"line":32,"column":49}},"23":{"start":{"line":35,"column":0},"end":{"line":47,"column":2}},"24":{"start":{"line":49,"column":0},"end":{"line":49,"column":16}},"25":{"start":{"line":50,"column":0},"end":{"line":50,"column":33}},"26":{"start":{"line":53,"column":2},"end":{"line":53,"column":26}},"27":{"start":{"line":52,"column":0},"end":{"line":52,"column":22}},"28":{"start":{"line":56,"column":0},"end":{"line":56,"column":19}}},"fnMap":{"0":{"name":"(anonymous_8)","decl":{"start":{"line":19,"column":19},"end":{"line":19,"column":20}},"loc":{"start":{"line":19,"column":33},"end":{"line":21,"column":1}}},"1":{"name":"(anonymous_9)","decl":{"start":{"line":28,"column":34},"end":{"line":28,"column":43}},"loc":{"start":{"line":28,"column":46},"end":{"line":30,"column":1}}},"2":{"name":"(anonymous_10)","decl":{"start":{"line":31,"column":36},"end":{"line":31,"column":45}},"loc":{"start":{"line":31,"column":48},"end":{"line":33,"column":1}}},"3":{"name":"init","decl":{"start":{"line":52,"column":22},"end":{"line":52,"column":26}},"loc":{"start":{"line":52,"column":26},"end":{"line":54,"column":null}}}},"branchMap":{},"s":{"0":7,"1":7,"2":7,"3":7,"4":7,"5":7,"6":7,"7":7,"8":7,"9":7,"10":7,"11":7,"12":7,"13":7,"14":7,"15":0,"16":7,"17":7,"18":7,"19":7,"20":0,"21":7,"22":7,"23":7,"24":7,"25":7,"26":7,"27":7,"28":7},"f":{"0":0,"1":0,"2":7,"3":7},"b":{}}
,"/home/gabriel/Documentos/Bootcamp/drivent/Drivent-Back/src/database.ts": {"path":"/home/gabriel/Documentos/Bootcamp/drivent/Drivent-Back/src/database.ts","statementMap":{"0":{"start":{"line":1,"column":0},"end":{"line":1,"column":47}},"1":{"start":{"line":3,"column":0},"end":{"line":8,"column":null}},"2":{"start":{"line":7,"column":2},"end":{"line":7,"column":49}},"3":{"start":{"line":11,"column":28},"end":{"line":11,"column":56}},"4":{"start":{"line":13,"column":21},"end":{"line":26,"column":4}},"5":{"start":{"line":28,"column":2},"end":{"line":28,"column":29}},"6":{"start":{"line":30,"column":2},"end":{"line":30,"column":20}},"7":{"start":{"line":10,"column":0},"end":{"line":10,"column":30}}},"fnMap":{"0":{"name":"connect","decl":{"start":{"line":10,"column":30},"end":{"line":10,"column":37}},"loc":{"start":{"line":10,"column":37},"end":{"line":31,"column":null}}}},"branchMap":{"0":{"loc":{"start":{"line":3,"column":0},"end":{"line":8,"column":null}},"type":"if","locations":[{"start":{"line":3,"column":0},"end":{"line":8,"column":null}},{"start":{"line":3,"column":0},"end":{"line":8,"column":null}}]},"1":{"loc":{"start":{"line":4,"column":2},"end":{"line":4,"column":39}},"type":"binary-expr","locations":[{"start":{"line":4,"column":2},"end":{"line":4,"column":39}},{"start":{"line":5,"column":2},"end":{"line":5,"column":60}}]},"2":{"loc":{"start":{"line":18,"column":49},"end":{"line":18,"column":55}},"type":"cond-expr","locations":[{"start":{"line":18,"column":49},"end":{"line":18,"column":55}},{"start":{"line":18,"column":58},"end":{"line":18,"column":63}}]}},"s":{"0":7,"1":7,"2":0,"3":7,"4":7,"5":7,"6":7,"7":7},"f":{"0":7},"b":{"0":[0,7],"1":[7,0],"2":[0,7]}}
,"/home/gabriel/Documentos/Bootcamp/drivent/Drivent-Back/src/setup.ts": {"path":"/home/gabriel/Documentos/Bootcamp/drivent/Drivent-Back/src/setup.ts","statementMap":{"0":{"start":{"line":1,"column":0},"end":{"line":1,"column":28}},"1":{"start":{"line":3,"column":13},"end":{"line":3,"column":67}},"2":{"start":{"line":5,"column":0},"end":{"line":5,"column":24}}},"fnMap":{},"branchMap":{"0":{"loc":{"start":{"line":3,"column":47},"end":{"line":3,"column":58}},"type":"cond-expr","locations":[{"start":{"line":3,"column":47},"end":{"line":3,"column":58}},{"start":{"line":3,"column":61},"end":{"line":3,"column":67}}]}},"s":{"0":7,"1":7,"2":7},"f":{},"b":{"0":[7,0]}}
,"/home/gabriel/Documentos/Bootcamp/drivent/Drivent-Back/src/controllers/client/activity.ts": {"path":"/home/gabriel/Documentos/Bootcamp/drivent/Drivent-Back/src/controllers/client/activity.ts","statementMap":{"0":{"start":{"line":3,"column":0},"end":{"line":3,"column":54}},"1":{"start":{"line":6,"column":21},"end":{"line":6,"column":58}},"2":{"start":{"line":7,"column":2},"end":{"line":7,"column":23}},"3":{"start":{"line":5,"column":0},"end":{"line":5,"column":22}},"4":{"start":{"line":11,"column":25},"end":{"line":11,"column":36}},"5":{"start":{"line":12,"column":29},"end":{"line":12,"column":48}},"6":{"start":{"line":13,"column":23},"end":{"line":15,"column":null}},"7":{"start":{"line":17,"column":2},"end":{"line":19,"column":null}},"8":{"start":{"line":18,"column":4},"end":{"line":18,"column":31}},"9":{"start":{"line":20,"column":2},"end":{"line":22,"column":null}},"10":{"start":{"line":21,"column":4},"end":{"line":21,"column":31}},"11":{"start":{"line":23,"column":2},"end":{"line":23,"column":32}},"12":{"start":{"line":10,"column":0},"end":{"line":10,"column":22}},"13":{"start":{"line":30,"column":25},"end":{"line":30,"column":36}},"14":{"start":{"line":31,"column":29},"end":{"line":31,"column":48}},"15":{"start":{"line":32,"column":2},"end":{"line":32,"column":66}},"16":{"start":{"line":33,"column":2},"end":{"line":33,"column":29}},"17":{"start":{"line":26,"column":0},"end":{"line":26,"column":22}}},"fnMap":{"0":{"name":"getActivitiesDaysList","decl":{"start":{"line":5,"column":22},"end":{"line":5,"column":43}},"loc":{"start":{"line":5,"column":71},"end":{"line":8,"column":null}}},"1":{"name":"saveActivityUserReservation","decl":{"start":{"line":10,"column":22},"end":{"line":10,"column":49}},"loc":{"start":{"line":10,"column":77},"end":{"line":24,"column":null}}},"2":{"name":"deleteActivityUserReservation","decl":{"start":{"line":26,"column":22},"end":{"line":26,"column":51}},"loc":{"start":{"line":28,"column":15},"end":{"line":34,"column":null}}}},"branchMap":{"0":{"loc":{"start":{"line":17,"column":2},"end":{"line":19,"column":null}},"type":"if","locations":[{"start":{"line":17,"column":2},"end":{"line":19,"column":null}},{"start":{"line":17,"column":2},"end":{"line":19,"column":null}}]},"1":{"loc":{"start":{"line":20,"column":2},"end":{"line":22,"column":null}},"type":"if","locations":[{"start":{"line":20,"column":2},"end":{"line":22,"column":null}},{"start":{"line":20,"column":2},"end":{"line":22,"column":null}}]}},"s":{"0":7,"1":1,"2":1,"3":7,"4":3,"5":3,"6":3,"7":3,"8":1,"9":2,"10":1,"11":1,"12":7,"13":1,"14":1,"15":1,"16":1,"17":7},"f":{"0":1,"1":3,"2":1},"b":{"0":[1,2],"1":[1,1]}}
,"/home/gabriel/Documentos/Bootcamp/drivent/Drivent-Back/src/controllers/client/auth.ts": {"path":"/home/gabriel/Documentos/Bootcamp/drivent/Drivent-Back/src/controllers/client/auth.ts","statementMap":{"0":{"start":{"line":3,"column":0},"end":{"line":3,"column":54}},"1":{"start":{"line":6,"column":15},"end":{"line":9,"column":null}},"2":{"start":{"line":11,"column":2},"end":{"line":11,"column":17}},"3":{"start":{"line":5,"column":0},"end":{"line":5,"column":22}}},"fnMap":{"0":{"name":"signIn","decl":{"start":{"line":5,"column":22},"end":{"line":5,"column":28}},"loc":{"start":{"line":5,"column":56},"end":{"line":12,"column":null}}}},"branchMap":{},"s":{"0":7,"1":0,"2":0,"3":7},"f":{"0":0},"b":{}}
,"/home/gabriel/Documentos/Bootcamp/drivent/Drivent-Back/src/controllers/client/enrollment.ts": {"path":"/home/gabriel/Documentos/Bootcamp/drivent/Drivent-Back/src/controllers/client/enrollment.ts","statementMap":{"0":{"start":{"line":2,"column":0},"end":{"line":2,"column":37}},"1":{"start":{"line":4,"column":0},"end":{"line":4,"column":66}},"2":{"start":{"line":8,"column":25},"end":{"line":8,"column":51}},"3":{"start":{"line":9,"column":2},"end":{"line":9,"column":38}},"4":{"start":{"line":10,"column":2},"end":{"line":10,"column":62}},"5":{"start":{"line":11,"column":2},"end":{"line":11,"column":32}},"6":{"start":{"line":7,"column":0},"end":{"line":7,"column":22}},"7":{"start":{"line":15,"column":25},"end":{"line":15,"column":86}},"8":{"start":{"line":17,"column":2},"end":{"line":19,"column":null}},"9":{"start":{"line":18,"column":4},"end":{"line":18,"column":49}},"10":{"start":{"line":21,"column":2},"end":{"line":21,"column":49}},"11":{"start":{"line":14,"column":0},"end":{"line":14,"column":22}}},"fnMap":{"0":{"name":"saveEnrollmentInfo","decl":{"start":{"line":7,"column":22},"end":{"line":7,"column":40}},"loc":{"start":{"line":7,"column":68},"end":{"line":12,"column":null}}},"1":{"name":"getEnrollmentInfos","decl":{"start":{"line":14,"column":22},"end":{"line":14,"column":40}},"loc":{"start":{"line":14,"column":68},"end":{"line":22,"column":null}}}},"branchMap":{"0":{"loc":{"start":{"line":17,"column":2},"end":{"line":19,"column":null}},"type":"if","locations":[{"start":{"line":17,"column":2},"end":{"line":19,"column":null}},{"start":{"line":17,"column":2},"end":{"line":19,"column":null}}]}},"s":{"0":7,"1":7,"2":0,"3":0,"4":0,"5":0,"6":7,"7":0,"8":0,"9":0,"10":0,"11":7},"f":{"0":0,"1":0},"b":{"0":[0,0]}}
,"/home/gabriel/Documentos/Bootcamp/drivent/Drivent-Back/src/controllers/client/event.ts": {"path":"/home/gabriel/Documentos/Bootcamp/drivent/Drivent-Back/src/controllers/client/event.ts","statementMap":{"0":{"start":{"line":3,"column":0},"end":{"line":3,"column":51}},"1":{"start":{"line":6,"column":20},"end":{"line":6,"column":48}},"2":{"start":{"line":7,"column":2},"end":{"line":7,"column":22}},"3":{"start":{"line":5,"column":0},"end":{"line":5,"column":22}}},"fnMap":{"0":{"name":"get","decl":{"start":{"line":5,"column":22},"end":{"line":5,"column":25}},"loc":{"start":{"line":5,"column":53},"end":{"line":8,"column":null}}}},"branchMap":{},"s":{"0":7,"1":1,"2":1,"3":7},"f":{"0":1},"b":{}}
,"/home/gabriel/Documentos/Bootcamp/drivent/Drivent-Back/src/controllers/client/hotel.ts": {"path":"/home/gabriel/Documentos/Bootcamp/drivent/Drivent-Back/src/controllers/client/hotel.ts","statementMap":{"0":{"start":{"line":2,"column":0},"end":{"line":2,"column":51}},"1":{"start":{"line":5,"column":20},"end":{"line":5,"column":48}},"2":{"start":{"line":6,"column":2},"end":{"line":6,"column":22}},"3":{"start":{"line":4,"column":0},"end":{"line":4,"column":22}}},"fnMap":{"0":{"name":"getHotelInfo","decl":{"start":{"line":4,"column":22},"end":{"line":4,"column":34}},"loc":{"start":{"line":4,"column":62},"end":{"line":7,"column":null}}}},"branchMap":{},"s":{"0":7,"1":1,"2":1,"3":7},"f":{"0":1},"b":{}}
,"/home/gabriel/Documentos/Bootcamp/drivent/Drivent-Back/src/controllers/client/payments.ts": {"path":"/home/gabriel/Documentos/Bootcamp/drivent/Drivent-Back/src/controllers/client/payments.ts","statementMap":{"0":{"start":{"line":2,"column":0},"end":{"line":2,"column":37}},"1":{"start":{"line":4,"column":0},"end":{"line":4,"column":54}},"2":{"start":{"line":7,"column":35},"end":{"line":7,"column":43}},"3":{"start":{"line":8,"column":17},"end":{"line":8,"column":25}},"4":{"start":{"line":9,"column":2},"end":{"line":11,"column":null}},"5":{"start":{"line":10,"column":4},"end":{"line":10,"column":50}},"6":{"start":{"line":13,"column":18},"end":{"line":13,"column":65}},"7":{"start":{"line":14,"column":2},"end":{"line":16,"column":null}},"8":{"start":{"line":15,"column":4},"end":{"line":15,"column":48}},"9":{"start":{"line":17,"column":2},"end":{"line":17,"column":42}},"10":{"start":{"line":6,"column":0},"end":{"line":6,"column":22}}},"fnMap":{"0":{"name":"savePayment","decl":{"start":{"line":6,"column":22},"end":{"line":6,"column":33}},"loc":{"start":{"line":6,"column":61},"end":{"line":18,"column":null}}}},"branchMap":{"0":{"loc":{"start":{"line":9,"column":2},"end":{"line":11,"column":null}},"type":"if","locations":[{"start":{"line":9,"column":2},"end":{"line":11,"column":null}},{"start":{"line":9,"column":2},"end":{"line":11,"column":null}}]},"1":{"loc":{"start":{"line":9,"column":6},"end":{"line":9,"column":12}},"type":"binary-expr","locations":[{"start":{"line":9,"column":6},"end":{"line":9,"column":12}},{"start":{"line":9,"column":16},"end":{"line":9,"column":30}},{"start":{"line":9,"column":34},"end":{"line":9,"column":37}}]},"2":{"loc":{"start":{"line":14,"column":2},"end":{"line":16,"column":null}},"type":"if","locations":[{"start":{"line":14,"column":2},"end":{"line":16,"column":null}},{"start":{"line":14,"column":2},"end":{"line":16,"column":null}}]}},"s":{"0":7,"1":7,"2":1,"3":1,"4":1,"5":0,"6":1,"7":1,"8":0,"9":1,"10":7},"f":{"0":1},"b":{"0":[0,1],"1":[1,1,1],"2":[0,1]}}
,"/home/gabriel/Documentos/Bootcamp/drivent/Drivent-Back/src/controllers/client/reservation.ts": {"path":"/home/gabriel/Documentos/Bootcamp/drivent/Drivent-Back/src/controllers/client/reservation.ts","statementMap":{"0":{"start":{"line":2,"column":0},"end":{"line":2,"column":37}},"1":{"start":{"line":4,"column":0},"end":{"line":4,"column":57}},"2":{"start":{"line":8,"column":26},"end":{"line":8,"column":53}},"3":{"start":{"line":9,"column":2},"end":{"line":9,"column":39}},"4":{"start":{"line":10,"column":22},"end":{"line":10,"column":70}},"5":{"start":{"line":11,"column":2},"end":{"line":11,"column":46}},"6":{"start":{"line":7,"column":0},"end":{"line":7,"column":22}},"7":{"start":{"line":15,"column":17},"end":{"line":15,"column":28}},"8":{"start":{"line":16,"column":22},"end":{"line":16,"column":59}},"9":{"start":{"line":17,"column":2},"end":{"line":17,"column":46}},"10":{"start":{"line":14,"column":0},"end":{"line":14,"column":22}},"11":{"start":{"line":21,"column":33},"end":{"line":21,"column":41}},"12":{"start":{"line":22,"column":17},"end":{"line":22,"column":25}},"13":{"start":{"line":23,"column":2},"end":{"line":25,"column":null}},"14":{"start":{"line":24,"column":4},"end":{"line":24,"column":50}},"15":{"start":{"line":27,"column":22},"end":{"line":27,"column":81}},"16":{"start":{"line":28,"column":2},"end":{"line":30,"column":null}},"17":{"start":{"line":29,"column":4},"end":{"line":29,"column":48}},"18":{"start":{"line":31,"column":2},"end":{"line":31,"column":46}},"19":{"start":{"line":20,"column":0},"end":{"line":20,"column":22}}},"fnMap":{"0":{"name":"createReservation","decl":{"start":{"line":7,"column":22},"end":{"line":7,"column":39}},"loc":{"start":{"line":7,"column":67},"end":{"line":12,"column":null}}},"1":{"name":"getReservation","decl":{"start":{"line":14,"column":22},"end":{"line":14,"column":36}},"loc":{"start":{"line":14,"column":64},"end":{"line":18,"column":null}}},"2":{"name":"insertRoomReservation","decl":{"start":{"line":20,"column":22},"end":{"line":20,"column":43}},"loc":{"start":{"line":20,"column":71},"end":{"line":32,"column":null}}}},"branchMap":{"0":{"loc":{"start":{"line":23,"column":2},"end":{"line":25,"column":null}},"type":"if","locations":[{"start":{"line":23,"column":2},"end":{"line":25,"column":null}},{"start":{"line":23,"column":2},"end":{"line":25,"column":null}}]},"1":{"loc":{"start":{"line":23,"column":6},"end":{"line":23,"column":13}},"type":"binary-expr","locations":[{"start":{"line":23,"column":6},"end":{"line":23,"column":13}},{"start":{"line":23,"column":17},"end":{"line":23,"column":20}}]},"2":{"loc":{"start":{"line":28,"column":2},"end":{"line":30,"column":null}},"type":"if","locations":[{"start":{"line":28,"column":2},"end":{"line":30,"column":null}},{"start":{"line":28,"column":2},"end":{"line":30,"column":null}}]}},"s":{"0":7,"1":7,"2":1,"3":1,"4":1,"5":1,"6":7,"7":2,"8":2,"9":2,"10":7,"11":7,"12":7,"13":7,"14":0,"15":7,"16":7,"17":2,"18":5,"19":7},"f":{"0":1,"1":2,"2":7},"b":{"0":[0,7],"1":[7,7],"2":[2,5]}}
,"/home/gabriel/Documentos/Bootcamp/drivent/Drivent-Back/src/controllers/client/ticket.ts": {"path":"/home/gabriel/Documentos/Bootcamp/drivent/Drivent-Back/src/controllers/client/ticket.ts","statementMap":{"0":{"start":{"line":3,"column":0},"end":{"line":3,"column":58}},"1":{"start":{"line":6,"column":17},"end":{"line":6,"column":48}},"2":{"start":{"line":7,"column":2},"end":{"line":7,"column":19}},"3":{"start":{"line":5,"column":0},"end":{"line":5,"column":22}}},"fnMap":{"0":{"name":"get","decl":{"start":{"line":5,"column":22},"end":{"line":5,"column":25}},"loc":{"start":{"line":5,"column":53},"end":{"line":8,"column":null}}}},"branchMap":{},"s":{"0":7,"1":0,"2":0,"3":7},"f":{"0":0},"b":{}}
,"/home/gabriel/Documentos/Bootcamp/drivent/Drivent-Back/src/controllers/client/user.ts": {"path":"/home/gabriel/Documentos/Bootcamp/drivent/Drivent-Back/src/controllers/client/user.ts","statementMap":{"0":{"start":{"line":2,"column":0},"end":{"line":2,"column":37}},"1":{"start":{"line":4,"column":0},"end":{"line":4,"column":50}},"2":{"start":{"line":7,"column":15},"end":{"line":7,"column":77}},"3":{"start":{"line":8,"column":2},"end":{"line":8,"column":44}},"4":{"start":{"line":6,"column":0},"end":{"line":6,"column":22}}},"fnMap":{"0":{"name":"signUp","decl":{"start":{"line":6,"column":22},"end":{"line":6,"column":28}},"loc":{"start":{"line":6,"column":56},"end":{"line":9,"column":null}}}},"branchMap":{},"s":{"0":7,"1":7,"2":3,"3":1,"4":7},"f":{"0":3},"b":{}}
,"/home/gabriel/Documentos/Bootcamp/drivent/Drivent-Back/src/entities/Activity.ts": {"path":"/home/gabriel/Documentos/Bootcamp/drivent/Drivent-Back/src/entities/Activity.ts","statementMap":{"0":{"start":{"line":1,"column":0},"end":{"line":1,"column":null}},"1":{"start":{"line":9,"column":0},"end":{"line":9,"column":34}},"2":{"start":{"line":10,"column":0},"end":{"line":10,"column":44}},"3":{"start":{"line":11,"column":0},"end":{"line":11,"column":46}},"4":{"start":{"line":14,"column":0},"end":{"line":46,"column":null}},"5":{"start":{"line":16,"column":2},"end":{"line":16,"column":null}},"6":{"start":{"line":19,"column":2},"end":{"line":19,"column":null}},"7":{"start":{"line":22,"column":2},"end":{"line":22,"column":null}},"8":{"start":{"line":25,"column":2},"end":{"line":25,"column":null}},"9":{"start":{"line":28,"column":2},"end":{"line":28,"column":null}},"10":{"start":{"line":31,"column":2},"end":{"line":31,"column":null}},"11":{"start":{"line":34,"column":2},"end":{"line":34,"column":null}},"12":{"start":{"line":37,"column":2},"end":{"line":37,"column":null}},"13":{"start":{"line":36,"column":19},"end":{"line":36,"column":27}},"14":{"start":{"line":40,"column":2},"end":{"line":40,"column":null}},"15":{"start":{"line":39,"column":19},"end":{"line":39,"column":32}},"16":{"start":{"line":45,"column":2},"end":{"line":45,"column":null}},"17":{"start":{"line":42,"column":19},"end":{"line":42,"column":33}},"18":{"start":{"line":42,"column":53},"end":{"line":42,"column":74}},"19":{"start":{"line":14,"column":21},"end":{"line":46,"column":null}},"20":{"start":{"line":14,"column":21},"end":{"line":14,"column":30}}},"fnMap":{"0":{"name":"(anonymous_3)","decl":{"start":{"line":36,"column":13},"end":{"line":36,"column":16}},"loc":{"start":{"line":36,"column":19},"end":{"line":36,"column":27}}},"1":{"name":"(anonymous_4)","decl":{"start":{"line":39,"column":13},"end":{"line":39,"column":16}},"loc":{"start":{"line":39,"column":19},"end":{"line":39,"column":32}}},"2":{"name":"(anonymous_5)","decl":{"start":{"line":42,"column":13},"end":{"line":42,"column":16}},"loc":{"start":{"line":42,"column":19},"end":{"line":42,"column":33}}},"3":{"name":"(anonymous_6)","decl":{"start":{"line":42,"column":35},"end":{"line":42,"column":36}},"loc":{"start":{"line":42,"column":53},"end":{"line":42,"column":74}}}},"branchMap":{},"s":{"0":7,"1":7,"2":7,"3":7,"4":7,"5":7,"6":7,"7":7,"8":7,"9":7,"10":7,"11":7,"12":7,"13":7,"14":7,"15":7,"16":7,"17":7,"18":7,"19":7,"20":7},"f":{"0":7,"1":7,"2":7,"3":7},"b":{}}
,"/home/gabriel/Documentos/Bootcamp/drivent/Drivent-Back/src/entities/ActivityPlace.ts": {"path":"/home/gabriel/Documentos/Bootcamp/drivent/Drivent-Back/src/entities/ActivityPlace.ts","statementMap":{"0":{"start":{"line":1,"column":0},"end":{"line":1,"column":77}},"1":{"start":{"line":4,"column":0},"end":{"line":10,"column":null}},"2":{"start":{"line":6,"column":2},"end":{"line":6,"column":null}},"3":{"start":{"line":9,"column":2},"end":{"line":9,"column":null}},"4":{"start":{"line":4,"column":21},"end":{"line":10,"column":null}},"5":{"start":{"line":4,"column":21},"end":{"line":4,"column":35}}},"fnMap":{},"branchMap":{},"s":{"0":7,"1":7,"2":7,"3":7,"4":7,"5":7},"f":{},"b":{}}
,"/home/gabriel/Documentos/Bootcamp/drivent/Drivent-Back/src/entities/Address.ts": {"path":"/home/gabriel/Documentos/Bootcamp/drivent/Drivent-Back/src/entities/Address.ts","statementMap":{"0":{"start":{"line":1,"column":0},"end":{"line":1,"column":99}},"1":{"start":{"line":2,"column":0},"end":{"line":2,"column":38}},"2":{"start":{"line":5,"column":0},"end":{"line":36,"column":null}},"3":{"start":{"line":7,"column":2},"end":{"line":7,"column":null}},"4":{"start":{"line":10,"column":2},"end":{"line":10,"column":null}},"5":{"start":{"line":13,"column":2},"end":{"line":13,"column":null}},"6":{"start":{"line":16,"column":2},"end":{"line":16,"column":null}},"7":{"start":{"line":19,"column":2},"end":{"line":19,"column":null}},"8":{"start":{"line":22,"column":2},"end":{"line":22,"column":null}},"9":{"start":{"line":25,"column":2},"end":{"line":25,"column":null}},"10":{"start":{"line":28,"column":2},"end":{"line":28,"column":null}},"11":{"start":{"line":31,"column":2},"end":{"line":31,"column":null}},"12":{"start":{"line":35,"column":2},"end":{"line":35,"column":null}},"13":{"start":{"line":33,"column":18},"end":{"line":33,"column":28}},"14":{"start":{"line":33,"column":58},"end":{"line":33,"column":76}},"15":{"start":{"line":5,"column":21},"end":{"line":36,"column":null}},"16":{"start":{"line":5,"column":21},"end":{"line":5,"column":29}}},"fnMap":{"0":{"name":"(anonymous_3)","decl":{"start":{"line":33,"column":12},"end":{"line":33,"column":15}},"loc":{"start":{"line":33,"column":18},"end":{"line":33,"column":28}}},"1":{"name":"(anonymous_4)","decl":{"start":{"line":33,"column":30},"end":{"line":33,"column":31}},"loc":{"start":{"line":33,"column":58},"end":{"line":33,"column":76}}}},"branchMap":{},"s":{"0":7,"1":7,"2":7,"3":7,"4":7,"5":7,"6":7,"7":7,"8":7,"9":7,"10":7,"11":7,"12":7,"13":7,"14":7,"15":7,"16":7},"f":{"0":7,"1":7},"b":{}}
,"/home/gabriel/Documentos/Bootcamp/drivent/Drivent-Back/src/entities/Enrollment.ts": {"path":"/home/gabriel/Documentos/Bootcamp/drivent/Drivent-Back/src/entities/Enrollment.ts","statementMap":{"0":{"start":{"line":1,"column":0},"end":{"line":1,"column":60}},"1":{"start":{"line":3,"column":0},"end":{"line":3,"column":87}},"2":{"start":{"line":4,"column":0},"end":{"line":4,"column":41}},"3":{"start":{"line":7,"column":31},"end":{"line":66,"column":null}},"4":{"start":{"line":30,"column":4},"end":{"line":30,"column":26}},"5":{"start":{"line":31,"column":4},"end":{"line":31,"column":24}},"6":{"start":{"line":32,"column":4},"end":{"line":32,"column":34}},"7":{"start":{"line":33,"column":4},"end":{"line":33,"column":28}},"8":{"start":{"line":34,"column":4},"end":{"line":34,"column":30}},"9":{"start":{"line":36,"column":4},"end":{"line":36,"column":38}},"10":{"start":{"line":37,"column":24},"end":{"line":37,"column":28}},"11":{"start":{"line":39,"column":4},"end":{"line":39,"column":35}},"12":{"start":{"line":40,"column":4},"end":{"line":40,"column":41}},"13":{"start":{"line":41,"column":4},"end":{"line":41,"column":37}},"14":{"start":{"line":42,"column":4},"end":{"line":42,"column":41}},"15":{"start":{"line":43,"column":4},"end":{"line":43,"column":39}},"16":{"start":{"line":44,"column":4},"end":{"line":44,"column":53}},"17":{"start":{"line":45,"column":4},"end":{"line":45,"column":55}},"18":{"start":{"line":49,"column":21},"end":{"line":49,"column":69}},"19":{"start":{"line":51,"column":4},"end":{"line":53,"column":null}},"20":{"start":{"line":52,"column":6},"end":{"line":52,"column":47}},"21":{"start":{"line":55,"column":4},"end":{"line":55,"column":39}},"22":{"start":{"line":56,"column":4},"end":{"line":56,"column":38}},"23":{"start":{"line":57,"column":4},"end":{"line":57,"column":28}},"24":{"start":{"line":59,"column":4},"end":{"line":59,"column":52}},"25":{"start":{"line":60,"column":4},"end":{"line":60,"column":36}},"26":{"start":{"line":64,"column":4},"end":{"line":64,"column":53}},"27":{"start":{"line":9,"column":2},"end":{"line":9,"column":null}},"28":{"start":{"line":12,"column":2},"end":{"line":12,"column":null}},"29":{"start":{"line":15,"column":2},"end":{"line":15,"column":null}},"30":{"start":{"line":18,"column":2},"end":{"line":18,"column":null}},"31":{"start":{"line":21,"column":2},"end":{"line":21,"column":null}},"32":{"start":{"line":24,"column":2},"end":{"line":24,"column":null}},"33":{"start":{"line":27,"column":2},"end":{"line":27,"column":null}},"34":{"start":{"line":26,"column":18},"end":{"line":26,"column":25}},"35":{"start":{"line":26,"column":40},"end":{"line":26,"column":58}},"36":{"start":{"line":7,"column":21},"end":{"line":66,"column":null}},"37":{"start":{"line":7,"column":21},"end":{"line":7,"column":32}}},"fnMap":{"0":{"name":"(anonymous_10)","decl":{"start":{"line":29,"column":2},"end":{"line":29,"column":18}},"loc":{"start":{"line":29,"column":39},"end":{"line":46,"column":3}}},"1":{"name":"(anonymous_11)","decl":{"start":{"line":48,"column":2},"end":{"line":48,"column":8}},"loc":{"start":{"line":48,"column":50},"end":{"line":61,"column":null}}},"2":{"name":"(anonymous_13)","decl":{"start":{"line":63,"column":2},"end":{"line":63,"column":8}},"loc":{"start":{"line":63,"column":52},"end":{"line":65,"column":null}}},"3":{"name":"(anonymous_15)","decl":{"start":{"line":26,"column":12},"end":{"line":26,"column":15}},"loc":{"start":{"line":26,"column":18},"end":{"line":26,"column":25}}},"4":{"name":"(anonymous_16)","decl":{"start":{"line":26,"column":27},"end":{"line":26,"column":28}},"loc":{"start":{"line":26,"column":40},"end":{"line":26,"column":58}}}},"branchMap":{"0":{"loc":{"start":{"line":36,"column":4},"end":{"line":36,"column":16}},"type":"binary-expr","locations":[{"start":{"line":36,"column":4},"end":{"line":36,"column":16}},{"start":{"line":36,"column":4},"end":{"line":36,"column":37}}]},"1":{"loc":{"start":{"line":51,"column":4},"end":{"line":53,"column":null}},"type":"if","locations":[{"start":{"line":51,"column":4},"end":{"line":53,"column":null}},{"start":{"line":51,"column":4},"end":{"line":53,"column":null}}]},"2":{"loc":{"start":{"line":51,"column":7},"end":{"line":51,"column":17}},"type":"binary-expr","locations":[{"start":{"line":51,"column":7},"end":{"line":51,"column":17}},{"start":{"line":51,"column":21},"end":{"line":51,"column":54}}]},"3":{"loc":{"start":{"line":55,"column":4},"end":{"line":55,"column":14}},"type":"binary-expr","locations":[{"start":{"line":55,"column":4},"end":{"line":55,"column":14}},{"start":{"line":55,"column":4},"end":{"line":55,"column":38}}]}},"s":{"0":7,"1":7,"2":7,"3":7,"4":0,"5":0,"6":0,"7":0,"8":0,"9":0,"10":0,"11":0,"12":0,"13":0,"14":0,"15":0,"16":0,"17":0,"18":0,"19":0,"20":0,"21":0,"22":0,"23":0,"24":0,"25":0,"26":0,"27":7,"28":7,"29":7,"30":7,"31":7,"32":7,"33":7,"34":7,"35":7,"36":7,"37":7},"f":{"0":0,"1":0,"2":0,"3":7,"4":7},"b":{"0":[0,0],"1":[0,0],"2":[0,0],"3":[0,0]}}
,"/home/gabriel/Documentos/Bootcamp/drivent/Drivent-Back/src/entities/EventDay.ts": {"path":"/home/gabriel/Documentos/Bootcamp/drivent/Drivent-Back/src/entities/EventDay.ts","statementMap":{"0":{"start":{"line":1,"column":0},"end":{"line":1,"column":null}},"1":{"start":{"line":8,"column":0},"end":{"line":8,"column":34}},"2":{"start":{"line":11,"column":0},"end":{"line":20,"column":null}},"3":{"start":{"line":13,"column":2},"end":{"line":13,"column":null}},"4":{"start":{"line":16,"column":2},"end":{"line":16,"column":null}},"5":{"start":{"line":19,"column":2},"end":{"line":19,"column":null}},"6":{"start":{"line":18,"column":19},"end":{"line":18,"column":27}},"7":{"start":{"line":18,"column":43},"end":{"line":18,"column":60}},"8":{"start":{"line":11,"column":21},"end":{"line":20,"column":null}},"9":{"start":{"line":11,"column":21},"end":{"line":11,"column":30}}},"fnMap":{"0":{"name":"(anonymous_3)","decl":{"start":{"line":18,"column":13},"end":{"line":18,"column":16}},"loc":{"start":{"line":18,"column":19},"end":{"line":18,"column":27}}},"1":{"name":"(anonymous_4)","decl":{"start":{"line":18,"column":29},"end":{"line":18,"column":30}},"loc":{"start":{"line":18,"column":43},"end":{"line":18,"column":60}}}},"branchMap":{},"s":{"0":7,"1":7,"2":7,"3":7,"4":7,"5":7,"6":7,"7":7,"8":7,"9":7},"f":{"0":7,"1":7},"b":{}}
,"/home/gabriel/Documentos/Bootcamp/drivent/Drivent-Back/src/entities/Hotel.ts": {"path":"/home/gabriel/Documentos/Bootcamp/drivent/Drivent-Back/src/entities/Hotel.ts","statementMap":{"0":{"start":{"line":1,"column":0},"end":{"line":1,"column":null}},"1":{"start":{"line":8,"column":0},"end":{"line":8,"column":26}},"2":{"start":{"line":11,"column":0},"end":{"line":60,"column":null}},"3":{"start":{"line":24,"column":2},"end":{"line":24,"column":29}},"4":{"start":{"line":25,"column":2},"end":{"line":25,"column":27}},"5":{"start":{"line":28,"column":4},"end":{"line":28,"column":77}},"6":{"start":{"line":28,"column":34},"end":{"line":28,"column":74}},"7":{"start":{"line":32,"column":33},"end":{"line":32,"column":35}},"8":{"start":{"line":33,"column":4},"end":{"line":51,"column":null}},"9":{"start":{"line":33,"column":17},"end":{"line":33,"column":18}},"10":{"start":{"line":34,"column":6},"end":{"line":50,"column":9}},"11":{"start":{"line":35,"column":8},"end":{"line":49,"column":null}},"12":{"start":{"line":36,"column":10},"end":{"line":36,"column":36}},"13":{"start":{"line":37,"column":15},"end":{"line":49,"column":null}},"14":{"start":{"line":42,"column":10},"end":{"line":42,"column":36}},"15":{"start":{"line":43,"column":15},"end":{"line":49,"column":null}},"16":{"start":{"line":48,"column":10},"end":{"line":48,"column":36}},"17":{"start":{"line":52,"column":4},"end":{"line":58,"column":null}},"18":{"start":{"line":53,"column":6},"end":{"line":53,"column":38}},"19":{"start":{"line":54,"column":11},"end":{"line":58,"column":null}},"20":{"start":{"line":55,"column":6},"end":{"line":55,"column":62}},"21":{"start":{"line":56,"column":11},"end":{"line":58,"column":null}},"22":{"start":{"line":57,"column":6},"end":{"line":57,"column":80}},"23":{"start":{"line":13,"column":2},"end":{"line":13,"column":null}},"24":{"start":{"line":16,"column":2},"end":{"line":16,"column":null}},"25":{"start":{"line":19,"column":2},"end":{"line":19,"column":null}},"26":{"start":{"line":22,"column":2},"end":{"line":22,"column":null}},"27":{"start":{"line":21,"column":19},"end":{"line":21,"column":23}},"28":{"start":{"line":21,"column":35},"end":{"line":21,"column":45}},"29":{"start":{"line":11,"column":21},"end":{"line":60,"column":null}},"30":{"start":{"line":11,"column":21},"end":{"line":11,"column":27}}},"fnMap":{"0":{"name":"(anonymous_3)","decl":{"start":{"line":11,"column":0},"end":{"line":11,"column":21}},"loc":{"start":{"line":11,"column":0},"end":{"line":60,"column":1}}},"1":{"name":"(anonymous_4)","decl":{"start":{"line":27,"column":2},"end":{"line":27,"column":20}},"loc":{"start":{"line":27,"column":20},"end":{"line":29,"column":3}}},"2":{"name":"(anonymous_5)","decl":{"start":{"line":28,"column":23},"end":{"line":28,"column":24}},"loc":{"start":{"line":28,"column":34},"end":{"line":28,"column":74}}},"3":{"name":"(anonymous_6)","decl":{"start":{"line":31,"column":2},"end":{"line":31,"column":18}},"loc":{"start":{"line":31,"column":18},"end":{"line":59,"column":3}}},"4":{"name":"(anonymous_7)","decl":{"start":{"line":34,"column":25},"end":{"line":34,"column":26}},"loc":{"start":{"line":34,"column":31},"end":{"line":50,"column":7}}},"5":{"name":"(anonymous_8)","decl":{"start":{"line":21,"column":13},"end":{"line":21,"column":16}},"loc":{"start":{"line":21,"column":19},"end":{"line":21,"column":23}}},"6":{"name":"(anonymous_9)","decl":{"start":{"line":21,"column":25},"end":{"line":21,"column":26}},"loc":{"start":{"line":21,"column":35},"end":{"line":21,"column":45}}}},"branchMap":{"0":{"loc":{"start":{"line":35,"column":8},"end":{"line":49,"column":null}},"type":"if","locations":[{"start":{"line":35,"column":8},"end":{"line":49,"column":null}},{"start":{"line":35,"column":8},"end":{"line":49,"column":null}}]},"1":{"loc":{"start":{"line":35,"column":12},"end":{"line":35,"column":28}},"type":"binary-expr","locations":[{"start":{"line":35,"column":12},"end":{"line":35,"column":28}},{"start":{"line":35,"column":32},"end":{"line":35,"column":39}},{"start":{"line":35,"column":43},"end":{"line":35,"column":73}}]},"2":{"loc":{"start":{"line":37,"column":15},"end":{"line":49,"column":null}},"type":"if","locations":[{"start":{"line":37,"column":15},"end":{"line":49,"column":null}},{"start":{"line":37,"column":15},"end":{"line":49,"column":null}}]},"3":{"loc":{"start":{"line":38,"column":10},"end":{"line":38,"column":26}},"type":"binary-expr","locations":[{"start":{"line":38,"column":10},"end":{"line":38,"column":26}},{"start":{"line":39,"column":10},"end":{"line":39,"column":17}},{"start":{"line":40,"column":10},"end":{"line":40,"column":40}}]},"4":{"loc":{"start":{"line":43,"column":15},"end":{"line":49,"column":null}},"type":"if","locations":[{"start":{"line":43,"column":15},"end":{"line":49,"column":null}},{"start":{"line":43,"column":15},"end":{"line":49,"column":null}}]},"5":{"loc":{"start":{"line":44,"column":10},"end":{"line":44,"column":26}},"type":"binary-expr","locations":[{"start":{"line":44,"column":10},"end":{"line":44,"column":26}},{"start":{"line":45,"column":10},"end":{"line":45,"column":17}},{"start":{"line":46,"column":10},"end":{"line":46,"column":40}}]},"6":{"loc":{"start":{"line":52,"column":4},"end":{"line":58,"column":null}},"type":"if","locations":[{"start":{"line":52,"column":4},"end":{"line":58,"column":null}},{"start":{"line":52,"column":4},"end":{"line":58,"column":null}}]},"7":{"loc":{"start":{"line":54,"column":11},"end":{"line":58,"column":null}},"type":"if","locations":[{"start":{"line":54,"column":11},"end":{"line":58,"column":null}},{"start":{"line":54,"column":11},"end":{"line":58,"column":null}}]},"8":{"loc":{"start":{"line":56,"column":11},"end":{"line":58,"column":null}},"type":"if","locations":[{"start":{"line":56,"column":11},"end":{"line":58,"column":null}},{"start":{"line":56,"column":11},"end":{"line":58,"column":null}}]}},"s":{"0":7,"1":7,"2":7,"3":27,"4":27,"5":1,"6":0,"7":1,"8":1,"9":1,"10":3,"11":0,"12":0,"13":0,"14":0,"15":0,"16":0,"17":1,"18":0,"19":1,"20":0,"21":1,"22":0,"23":7,"24":7,"25":7,"26":7,"27":7,"28":7,"29":7,"30":7},"f":{"0":27,"1":1,"2":0,"3":1,"4":0,"5":7,"6":7},"b":{"0":[0,0],"1":[0,0,0],"2":[0,0],"3":[0,0,0],"4":[0,0],"5":[0,0,0],"6":[0,1],"7":[0,1],"8":[0,1]}}
,"/home/gabriel/Documentos/Bootcamp/drivent/Drivent-Back/src/entities/Payment.ts": {"path":"/home/gabriel/Documentos/Bootcamp/drivent/Drivent-Back/src/entities/Payment.ts","statementMap":{"0":{"start":{"line":1,"column":0},"end":{"line":1,"column":null}},"1":{"start":{"line":8,"column":0},"end":{"line":8,"column":40}},"2":{"start":{"line":11,"column":0},"end":{"line":26,"column":null}},"3":{"start":{"line":13,"column":2},"end":{"line":13,"column":null}},"4":{"start":{"line":16,"column":2},"end":{"line":16,"column":null}},"5":{"start":{"line":19,"column":2},"end":{"line":19,"column":null}},"6":{"start":{"line":22,"column":2},"end":{"line":22,"column":null}},"7":{"start":{"line":21,"column":46},"end":{"line":21,"column":65}},"8":{"start":{"line":25,"column":2},"end":{"line":25,"column":null}},"9":{"start":{"line":24,"column":18},"end":{"line":24,"column":29}},"10":{"start":{"line":11,"column":21},"end":{"line":26,"column":null}},"11":{"start":{"line":11,"column":21},"end":{"line":11,"column":29}}},"fnMap":{"0":{"name":"(anonymous_3)","decl":{"start":{"line":21,"column":40},"end":{"line":21,"column":43}},"loc":{"start":{"line":21,"column":46},"end":{"line":21,"column":65}}},"1":{"name":"(anonymous_4)","decl":{"start":{"line":24,"column":12},"end":{"line":24,"column":15}},"loc":{"start":{"line":24,"column":18},"end":{"line":24,"column":29}}}},"branchMap":{},"s":{"0":7,"1":7,"2":7,"3":7,"4":7,"5":7,"6":7,"7":0,"8":7,"9":7,"10":7,"11":7},"f":{"0":0,"1":7},"b":{}}
,"/home/gabriel/Documentos/Bootcamp/drivent/Drivent-Back/src/entities/Reservation.ts": {"path":"/home/gabriel/Documentos/Bootcamp/drivent/Drivent-Back/src/entities/Reservation.ts","statementMap":{"0":{"start":{"line":1,"column":0},"end":{"line":1,"column":null}},"1":{"start":{"line":10,"column":0},"end":{"line":10,"column":32}},"2":{"start":{"line":11,"column":0},"end":{"line":11,"column":26}},"3":{"start":{"line":12,"column":0},"end":{"line":12,"column":30}},"4":{"start":{"line":13,"column":0},"end":{"line":13,"column":26}},"5":{"start":{"line":18,"column":0},"end":{"line":68,"column":null}},"6":{"start":{"line":50,"column":24},"end":{"line":50,"column":37}},"7":{"start":{"line":51,"column":4},"end":{"line":51,"column":37}},"8":{"start":{"line":53,"column":4},"end":{"line":53,"column":29}},"9":{"start":{"line":55,"column":4},"end":{"line":55,"column":38}},"10":{"start":{"line":56,"column":4},"end":{"line":56,"column":56}},"11":{"start":{"line":57,"column":4},"end":{"line":57,"column":48}},"12":{"start":{"line":58,"column":4},"end":{"line":58,"column":54}},"13":{"start":{"line":60,"column":4},"end":{"line":60,"column":36}},"14":{"start":{"line":62,"column":4},"end":{"line":62,"column":49}},"15":{"start":{"line":64,"column":4},"end":{"line":64,"column":29}},"16":{"start":{"line":66,"column":4},"end":{"line":66,"column":23}},"17":{"start":{"line":20,"column":2},"end":{"line":20,"column":null}},"18":{"start":{"line":23,"column":2},"end":{"line":23,"column":null}},"19":{"start":{"line":26,"column":2},"end":{"line":26,"column":null}},"20":{"start":{"line":29,"column":2},"end":{"line":29,"column":null}},"21":{"start":{"line":32,"column":2},"end":{"line":32,"column":null}},"22":{"start":{"line":36,"column":2},"end":{"line":36,"column":null}},"23":{"start":{"line":34,"column":18},"end":{"line":34,"column":22}},"24":{"start":{"line":40,"column":2},"end":{"line":40,"column":null}},"25":{"start":{"line":38,"column":18},"end":{"line":38,"column":24}},"26":{"start":{"line":38,"column":38},"end":{"line":38,"column":56}},"27":{"start":{"line":43,"column":2},"end":{"line":43,"column":null}},"28":{"start":{"line":42,"column":19},"end":{"line":42,"column":23}},"29":{"start":{"line":47,"column":2},"end":{"line":47,"column":null}},"30":{"start":{"line":45,"column":18},"end":{"line":45,"column":25}},"31":{"start":{"line":45,"column":40},"end":{"line":45,"column":59}},"32":{"start":{"line":18,"column":21},"end":{"line":68,"column":null}},"33":{"start":{"line":18,"column":21},"end":{"line":18,"column":33}}},"fnMap":{"0":{"name":"(anonymous_10)","decl":{"start":{"line":49,"column":2},"end":{"line":49,"column":8}},"loc":{"start":{"line":49,"column":54},"end":{"line":67,"column":null}}},"1":{"name":"(anonymous_12)","decl":{"start":{"line":34,"column":12},"end":{"line":34,"column":15}},"loc":{"start":{"line":34,"column":18},"end":{"line":34,"column":22}}},"2":{"name":"(anonymous_13)","decl":{"start":{"line":38,"column":12},"end":{"line":38,"column":15}},"loc":{"start":{"line":38,"column":18},"end":{"line":38,"column":24}}},"3":{"name":"(anonymous_14)","decl":{"start":{"line":38,"column":26},"end":{"line":38,"column":27}},"loc":{"start":{"line":38,"column":38},"end":{"line":38,"column":56}}},"4":{"name":"(anonymous_15)","decl":{"start":{"line":42,"column":13},"end":{"line":42,"column":16}},"loc":{"start":{"line":42,"column":19},"end":{"line":42,"column":23}}},"5":{"name":"(anonymous_16)","decl":{"start":{"line":45,"column":12},"end":{"line":45,"column":15}},"loc":{"start":{"line":45,"column":18},"end":{"line":45,"column":25}}},"6":{"name":"(anonymous_17)","decl":{"start":{"line":45,"column":27},"end":{"line":45,"column":28}},"loc":{"start":{"line":45,"column":40},"end":{"line":45,"column":59}}}},"branchMap":{},"s":{"0":7,"1":7,"2":7,"3":7,"4":7,"5":7,"6":1,"7":1,"8":1,"9":1,"10":1,"11":1,"12":1,"13":1,"14":1,"15":1,"16":1,"17":7,"18":7,"19":7,"20":7,"21":7,"22":7,"23":7,"24":7,"25":7,"26":7,"27":7,"28":7,"29":7,"30":7,"31":7,"32":7,"33":7},"f":{"0":1,"1":7,"2":7,"3":7,"4":7,"5":7,"6":7},"b":{}}
,"/home/gabriel/Documentos/Bootcamp/drivent/Drivent-Back/src/entities/Room.ts": {"path":"/home/gabriel/Documentos/Bootcamp/drivent/Drivent-Back/src/entities/Room.ts","statementMap":{"0":{"start":{"line":1,"column":0},"end":{"line":1,"column":null}},"1":{"start":{"line":8,"column":0},"end":{"line":8,"column":28}},"2":{"start":{"line":11,"column":0},"end":{"line":26,"column":null}},"3":{"start":{"line":13,"column":2},"end":{"line":13,"column":null}},"4":{"start":{"line":16,"column":2},"end":{"line":16,"column":null}},"5":{"start":{"line":19,"column":2},"end":{"line":19,"column":null}},"6":{"start":{"line":22,"column":2},"end":{"line":22,"column":null}},"7":{"start":{"line":25,"column":2},"end":{"line":25,"column":null}},"8":{"start":{"line":24,"column":19},"end":{"line":24,"column":24}},"9":{"start":{"line":11,"column":21},"end":{"line":26,"column":null}},"10":{"start":{"line":11,"column":21},"end":{"line":11,"column":26}}},"fnMap":{"0":{"name":"(anonymous_3)","decl":{"start":{"line":24,"column":13},"end":{"line":24,"column":16}},"loc":{"start":{"line":24,"column":19},"end":{"line":24,"column":24}}}},"branchMap":{},"s":{"0":7,"1":7,"2":7,"3":7,"4":7,"5":7,"6":7,"7":7,"8":7,"9":7,"10":7},"f":{"0":7},"b":{}}
,"/home/gabriel/Documentos/Bootcamp/drivent/Drivent-Back/src/entities/Session.ts": {"path":"/home/gabriel/Documentos/Bootcamp/drivent/Drivent-Back/src/entities/Session.ts","statementMap":{"0":{"start":{"line":1,"column":0},"end":{"line":1,"column":77}},"1":{"start":{"line":4,"column":0},"end":{"line":19,"column":null}},"2":{"start":{"line":15,"column":20},"end":{"line":15,"column":50}},"3":{"start":{"line":16,"column":4},"end":{"line":16,"column":25}},"4":{"start":{"line":17,"column":4},"end":{"line":17,"column":19}},"5":{"start":{"line":6,"column":2},"end":{"line":6,"column":null}},"6":{"start":{"line":9,"column":2},"end":{"line":9,"column":null}},"7":{"start":{"line":12,"column":2},"end":{"line":12,"column":null}},"8":{"start":{"line":4,"column":21},"end":{"line":19,"column":null}},"9":{"start":{"line":4,"column":21},"end":{"line":4,"column":29}}},"fnMap":{"0":{"name":"(anonymous_9)","decl":{"start":{"line":14,"column":2},"end":{"line":14,"column":8}},"loc":{"start":{"line":14,"column":54},"end":{"line":18,"column":null}}}},"branchMap":{},"s":{"0":7,"1":7,"2":0,"3":0,"4":0,"5":7,"6":7,"7":7,"8":7,"9":7},"f":{"0":0},"b":{}}
,"/home/gabriel/Documentos/Bootcamp/drivent/Drivent-Back/src/entities/Setting.ts": {"path":"/home/gabriel/Documentos/Bootcamp/drivent/Drivent-Back/src/entities/Setting.ts","statementMap":{"0":{"start":{"line":1,"column":0},"end":{"line":1,"column":77}},"1":{"start":{"line":4,"column":0},"end":{"line":28,"column":null}},"2":{"start":{"line":15,"column":21},"end":{"line":15,"column":38}},"3":{"start":{"line":17,"column":21},"end":{"line":18,"column":49}},"4":{"start":{"line":18,"column":6},"end":{"line":18,"column":49}},"5":{"start":{"line":18,"column":27},"end":{"line":18,"column":42}},"6":{"start":{"line":20,"column":4},"end":{"line":26,"column":6}},"7":{"start":{"line":6,"column":2},"end":{"line":6,"column":null}},"8":{"start":{"line":9,"column":2},"end":{"line":9,"column":null}},"9":{"start":{"line":12,"column":2},"end":{"line":12,"column":null}},"10":{"start":{"line":4,"column":21},"end":{"line":28,"column":null}},"11":{"start":{"line":4,"column":21},"end":{"line":4,"column":29}}},"fnMap":{"0":{"name":"(anonymous_9)","decl":{"start":{"line":14,"column":2},"end":{"line":14,"column":8}},"loc":{"start":{"line":14,"column":31},"end":{"line":27,"column":null}}},"1":{"name":"(anonymous_11)","decl":{"start":{"line":17,"column":21},"end":{"line":17,"column":22}},"loc":{"start":{"line":18,"column":6},"end":{"line":18,"column":49}}},"2":{"name":"(anonymous_12)","decl":{"start":{"line":18,"column":20},"end":{"line":18,"column":21}},"loc":{"start":{"line":18,"column":27},"end":{"line":18,"column":42}}}},"branchMap":{},"s":{"0":7,"1":7,"2":4,"3":4,"4":20,"5":60,"6":4,"7":7,"8":7,"9":7,"10":7,"11":7},"f":{"0":4,"1":20,"2":60},"b":{}}
,"/home/gabriel/Documentos/Bootcamp/drivent/Drivent-Back/src/entities/Ticket.ts": {"path":"/home/gabriel/Documentos/Bootcamp/drivent/Drivent-Back/src/entities/Ticket.ts","statementMap":{"0":{"start":{"line":1,"column":0},"end":{"line":1,"column":null}},"1":{"start":{"line":8,"column":0},"end":{"line":8,"column":40}},"2":{"start":{"line":11,"column":0},"end":{"line":26,"column":null}},"3":{"start":{"line":13,"column":2},"end":{"line":13,"column":null}},"4":{"start":{"line":16,"column":2},"end":{"line":16,"column":null}},"5":{"start":{"line":19,"column":2},"end":{"line":19,"column":null}},"6":{"start":{"line":22,"column":2},"end":{"line":22,"column":null}},"7":{"start":{"line":25,"column":2},"end":{"line":25,"column":null}},"8":{"start":{"line":24,"column":18},"end":{"line":24,"column":29}},"9":{"start":{"line":11,"column":21},"end":{"line":26,"column":null}},"10":{"start":{"line":11,"column":21},"end":{"line":11,"column":28}}},"fnMap":{"0":{"name":"(anonymous_3)","decl":{"start":{"line":24,"column":12},"end":{"line":24,"column":15}},"loc":{"start":{"line":24,"column":18},"end":{"line":24,"column":29}}}},"branchMap":{},"s":{"0":7,"1":7,"2":7,"3":7,"4":7,"5":7,"6":7,"7":7,"8":7,"9":7,"10":7},"f":{"0":7},"b":{}}
,"/home/gabriel/Documentos/Bootcamp/drivent/Drivent-Back/src/entities/TicketPrice.ts": {"path":"/home/gabriel/Documentos/Bootcamp/drivent/Drivent-Back/src/entities/TicketPrice.ts","statementMap":{"0":{"start":{"line":1,"column":0},"end":{"line":1,"column":77}},"1":{"start":{"line":4,"column":32},"end":{"line":17,"column":null}},"2":{"start":{"line":15,"column":4},"end":{"line":15,"column":36}},"3":{"start":{"line":6,"column":2},"end":{"line":6,"column":null}},"4":{"start":{"line":9,"column":2},"end":{"line":9,"column":null}},"5":{"start":{"line":12,"column":2},"end":{"line":12,"column":null}},"6":{"start":{"line":4,"column":21},"end":{"line":17,"column":null}},"7":{"start":{"line":4,"column":21},"end":{"line":4,"column":33}}},"fnMap":{"0":{"name":"(anonymous_9)","decl":{"start":{"line":14,"column":2},"end":{"line":14,"column":8}},"loc":{"start":{"line":14,"column":24},"end":{"line":16,"column":null}}}},"branchMap":{},"s":{"0":7,"1":7,"2":0,"3":7,"4":7,"5":7,"6":7,"7":7},"f":{"0":0},"b":{}}
,"/home/gabriel/Documentos/Bootcamp/drivent/Drivent-Back/src/entities/User.ts": {"path":"/home/gabriel/Documentos/Bootcamp/drivent/Drivent-Back/src/entities/User.ts","statementMap":{"0":{"start":{"line":1,"column":0},"end":{"line":1,"column":null}},"1":{"start":{"line":8,"column":0},"end":{"line":8,"column":28}},"2":{"start":{"line":9,"column":0},"end":{"line":9,"column":64}},"3":{"start":{"line":10,"column":0},"end":{"line":10,"column":40}},"4":{"start":{"line":13,"column":0},"end":{"line":60,"column":null}},"5":{"start":{"line":30,"column":4},"end":{"line":30,"column":45}},"6":{"start":{"line":31,"column":27},"end":{"line":31,"column":54}},"7":{"start":{"line":33,"column":20},"end":{"line":33,"column":68}},"8":{"start":{"line":34,"column":4},"end":{"line":34,"column":25}},"9":{"start":{"line":36,"column":4},"end":{"line":36,"column":19}},"10":{"start":{"line":40,"column":4},"end":{"line":40,"column":41}},"11":{"start":{"line":44,"column":17},"end":{"line":44,"column":46}},"12":{"start":{"line":46,"column":4},"end":{"line":48,"column":null}},"13":{"start":{"line":47,"column":6},"end":{"line":47,"column":46}},"14":{"start":{"line":52,"column":17},"end":{"line":52,"column":46}},"15":{"start":{"line":54,"column":4},"end":{"line":56,"column":null}},"16":{"start":{"line":55,"column":6},"end":{"line":55,"column":18}},"17":{"start":{"line":58,"column":4},"end":{"line":58,"column":16}},"18":{"start":{"line":15,"column":2},"end":{"line":15,"column":null}},"19":{"start":{"line":18,"column":2},"end":{"line":18,"column":null}},"20":{"start":{"line":21,"column":2},"end":{"line":21,"column":null}},"21":{"start":{"line":24,"column":2},"end":{"line":24,"column":null}},"22":{"start":{"line":23,"column":46},"end":{"line":23,"column":65}},"23":{"start":{"line":27,"column":2},"end":{"line":27,"column":null}},"24":{"start":{"line":26,"column":18},"end":{"line":26,"column":29}},"25":{"start":{"line":26,"column":48},"end":{"line":26,"column":64}},"26":{"start":{"line":13,"column":21},"end":{"line":60,"column":null}},"27":{"start":{"line":13,"column":21},"end":{"line":13,"column":26}}},"fnMap":{"0":{"name":"(anonymous_10)","decl":{"start":{"line":29,"column":2},"end":{"line":29,"column":8}},"loc":{"start":{"line":29,"column":56},"end":{"line":37,"column":null}}},"1":{"name":"(anonymous_12)","decl":{"start":{"line":39,"column":2},"end":{"line":39,"column":8}},"loc":{"start":{"line":39,"column":38},"end":{"line":41,"column":3}}},"2":{"name":"(anonymous_13)","decl":{"start":{"line":43,"column":2},"end":{"line":43,"column":8}},"loc":{"start":{"line":43,"column":51},"end":{"line":49,"column":null}}},"3":{"name":"(anonymous_15)","decl":{"start":{"line":51,"column":2},"end":{"line":51,"column":8}},"loc":{"start":{"line":51,"column":69},"end":{"line":59,"column":null}}},"4":{"name":"(anonymous_17)","decl":{"start":{"line":23,"column":40},"end":{"line":23,"column":43}},"loc":{"start":{"line":23,"column":46},"end":{"line":23,"column":65}}},"5":{"name":"(anonymous_18)","decl":{"start":{"line":26,"column":12},"end":{"line":26,"column":15}},"loc":{"start":{"line":26,"column":18},"end":{"line":26,"column":29}}},"6":{"name":"(anonymous_19)","decl":{"start":{"line":26,"column":31},"end":{"line":26,"column":32}},"loc":{"start":{"line":26,"column":48},"end":{"line":26,"column":64}}}},"branchMap":{"0":{"loc":{"start":{"line":46,"column":4},"end":{"line":48,"column":null}},"type":"if","locations":[{"start":{"line":46,"column":4},"end":{"line":48,"column":null}},{"start":{"line":46,"column":4},"end":{"line":48,"column":null}}]},"1":{"loc":{"start":{"line":54,"column":4},"end":{"line":56,"column":null}},"type":"if","locations":[{"start":{"line":54,"column":4},"end":{"line":56,"column":null}},{"start":{"line":54,"column":4},"end":{"line":56,"column":null}}]},"2":{"loc":{"start":{"line":54,"column":8},"end":{"line":54,"column":12}},"type":"binary-expr","locations":[{"start":{"line":54,"column":8},"end":{"line":54,"column":12}},{"start":{"line":54,"column":16},"end":{"line":54,"column":59}}]}},"s":{"0":7,"1":7,"2":7,"3":7,"4":7,"5":2,"6":1,"7":1,"8":1,"9":1,"10":1,"11":2,"12":2,"13":1,"14":0,"15":0,"16":0,"17":0,"18":7,"19":7,"20":7,"21":7,"22":0,"23":7,"24":7,"25":7,"26":7,"27":7},"f":{"0":2,"1":1,"2":2,"3":0,"4":0,"5":7,"6":7},"b":{"0":[1,1],"1":[0,0],"2":[0,0]}}
,"/home/gabriel/Documentos/Bootcamp/drivent/Drivent-Back/src/entities/UserActivities.ts": {"path":"/home/gabriel/Documentos/Bootcamp/drivent/Drivent-Back/src/entities/UserActivities.ts","statementMap":{"0":{"start":{"line":1,"column":0},"end":{"line":1,"column":null}},"1":{"start":{"line":8,"column":0},"end":{"line":8,"column":34}},"2":{"start":{"line":9,"column":0},"end":{"line":9,"column":26}},"3":{"start":{"line":12,"column":0},"end":{"line":27,"column":null}},"4":{"start":{"line":14,"column":2},"end":{"line":14,"column":null}},"5":{"start":{"line":17,"column":2},"end":{"line":17,"column":null}},"6":{"start":{"line":20,"column":2},"end":{"line":20,"column":null}},"7":{"start":{"line":23,"column":2},"end":{"line":23,"column":null}},"8":{"start":{"line":22,"column":19},"end":{"line":22,"column":27}},"9":{"start":{"line":26,"column":2},"end":{"line":26,"column":null}},"10":{"start":{"line":25,"column":19},"end":{"line":25,"column":23}},"11":{"start":{"line":12,"column":21},"end":{"line":27,"column":null}},"12":{"start":{"line":12,"column":21},"end":{"line":12,"column":36}}},"fnMap":{"0":{"name":"(anonymous_3)","decl":{"start":{"line":22,"column":13},"end":{"line":22,"column":16}},"loc":{"start":{"line":22,"column":19},"end":{"line":22,"column":27}}},"1":{"name":"(anonymous_4)","decl":{"start":{"line":25,"column":13},"end":{"line":25,"column":16}},"loc":{"start":{"line":25,"column":19},"end":{"line":25,"column":23}}}},"branchMap":{},"s":{"0":7,"1":7,"2":7,"3":7,"4":7,"5":7,"6":7,"7":7,"8":7,"9":7,"10":7,"11":7,"12":7},"f":{"0":7,"1":7},"b":{}}
,"/home/gabriel/Documentos/Bootcamp/drivent/Drivent-Back/src/errors/CannotEnrollBeforeStartDate.ts": {"path":"/home/gabriel/Documentos/Bootcamp/drivent/Drivent-Back/src/errors/CannotEnrollBeforeStartDate.ts","statementMap":{"0":{"start":{"line":3,"column":4},"end":{"line":3,"column":52}},"1":{"start":{"line":5,"column":4},"end":{"line":5,"column":51}},"2":{"start":{"line":1,"column":0},"end":{"line":1,"column":21}}},"fnMap":{"0":{"name":"(anonymous_0)","decl":{"start":{"line":2,"column":2},"end":{"line":2,"column":null}},"loc":{"start":{"line":2,"column":2},"end":{"line":6,"column":3}}}},"branchMap":{},"s":{"0":1,"1":1,"2":7},"f":{"0":1},"b":{}}
,"/home/gabriel/Documentos/Bootcamp/drivent/Drivent-Back/src/errors/ConflictError.ts": {"path":"/home/gabriel/Documentos/Bootcamp/drivent/Drivent-Back/src/errors/ConflictError.ts","statementMap":{"0":{"start":{"line":3,"column":4},"end":{"line":3,"column":19}},"1":{"start":{"line":5,"column":4},"end":{"line":5,"column":32}},"2":{"start":{"line":1,"column":0},"end":{"line":1,"column":21}}},"fnMap":{"0":{"name":"(anonymous_0)","decl":{"start":{"line":2,"column":2},"end":{"line":2,"column":14}},"loc":{"start":{"line":2,"column":29},"end":{"line":6,"column":3}}}},"branchMap":{},"s":{"0":1,"1":1,"2":7},"f":{"0":1},"b":{}}
,"/home/gabriel/Documentos/Bootcamp/drivent/Drivent-Back/src/errors/CpfNotAvailable.ts": {"path":"/home/gabriel/Documentos/Bootcamp/drivent/Drivent-Back/src/errors/CpfNotAvailable.ts","statementMap":{"0":{"start":{"line":1,"column":0},"end":{"line":1,"column":51}},"1":{"start":{"line":5,"column":4},"end":{"line":5,"column":57}},"2":{"start":{"line":7,"column":4},"end":{"line":7,"column":34}},"3":{"start":{"line":3,"column":0},"end":{"line":3,"column":21}}},"fnMap":{"0":{"name":"(anonymous_1)","decl":{"start":{"line":4,"column":2},"end":{"line":4,"column":14}},"loc":{"start":{"line":4,"column":25},"end":{"line":8,"column":3}}}},"branchMap":{},"s":{"0":7,"1":0,"2":0,"3":7},"f":{"0":0},"b":{}}
,"/home/gabriel/Documentos/Bootcamp/drivent/Drivent-Back/src/errors/EmailNotAvailable.ts": {"path":"/home/gabriel/Documentos/Bootcamp/drivent/Drivent-Back/src/errors/EmailNotAvailable.ts","statementMap":{"0":{"start":{"line":1,"column":0},"end":{"line":1,"column":51}},"1":{"start":{"line":5,"column":4},"end":{"line":5,"column":61}},"2":{"start":{"line":7,"column":4},"end":{"line":7,"column":41}},"3":{"start":{"line":3,"column":0},"end":{"line":3,"column":21}}},"fnMap":{"0":{"name":"(anonymous_1)","decl":{"start":{"line":4,"column":2},"end":{"line":4,"column":14}},"loc":{"start":{"line":4,"column":27},"end":{"line":8,"column":3}}}},"branchMap":{},"s":{"0":7,"1":1,"2":1,"3":7},"f":{"0":1},"b":{}}
,"/home/gabriel/Documentos/Bootcamp/drivent/Drivent-Back/src/errors/InvalidData.ts": {"path":"/home/gabriel/Documentos/Bootcamp/drivent/Drivent-Back/src/errors/InvalidData.ts","statementMap":{"0":{"start":{"line":5,"column":4},"end":{"line":5,"column":29}},"1":{"start":{"line":7,"column":4},"end":{"line":7,"column":27}},"2":{"start":{"line":8,"column":4},"end":{"line":8,"column":35}},"3":{"start":{"line":1,"column":0},"end":{"line":1,"column":21}}},"fnMap":{"0":{"name":"(anonymous_0)","decl":{"start":{"line":4,"column":2},"end":{"line":4,"column":14}},"loc":{"start":{"line":4,"column":45},"end":{"line":9,"column":3}}}},"branchMap":{},"s":{"0":0,"1":0,"2":0,"3":7},"f":{"0":0},"b":{}}
,"/home/gabriel/Documentos/Bootcamp/drivent/Drivent-Back/src/errors/InvalidEmail.ts": {"path":"/home/gabriel/Documentos/Bootcamp/drivent/Drivent-Back/src/errors/InvalidEmail.ts","statementMap":{"0":{"start":{"line":3,"column":4},"end":{"line":3,"column":46}},"1":{"start":{"line":5,"column":4},"end":{"line":5,"column":36}},"2":{"start":{"line":1,"column":0},"end":{"line":1,"column":21}}},"fnMap":{"0":{"name":"(anonymous_0)","decl":{"start":{"line":2,"column":2},"end":{"line":2,"column":14}},"loc":{"start":{"line":2,"column":27},"end":{"line":6,"column":3}}}},"branchMap":{},"s":{"0":0,"1":0,"2":7},"f":{"0":0},"b":{}}
,"/home/gabriel/Documentos/Bootcamp/drivent/Drivent-Back/src/errors/NotFoundError.ts": {"path":"/home/gabriel/Documentos/Bootcamp/drivent/Drivent-Back/src/errors/NotFoundError.ts","statementMap":{"0":{"start":{"line":3,"column":4},"end":{"line":3,"column":40}},"1":{"start":{"line":5,"column":4},"end":{"line":5,"column":32}},"2":{"start":{"line":1,"column":0},"end":{"line":1,"column":21}}},"fnMap":{"0":{"name":"(anonymous_0)","decl":{"start":{"line":2,"column":2},"end":{"line":2,"column":null}},"loc":{"start":{"line":2,"column":2},"end":{"line":6,"column":3}}}},"branchMap":{},"s":{"0":0,"1":0,"2":7},"f":{"0":0},"b":{}}
,"/home/gabriel/Documentos/Bootcamp/drivent/Drivent-Back/src/errors/Unauthorized.ts": {"path":"/home/gabriel/Documentos/Bootcamp/drivent/Drivent-Back/src/errors/Unauthorized.ts","statementMap":{"0":{"start":{"line":3,"column":4},"end":{"line":3,"column":47}},"1":{"start":{"line":5,"column":4},"end":{"line":5,"column":36}},"2":{"start":{"line":1,"column":0},"end":{"line":1,"column":21}}},"fnMap":{"0":{"name":"(anonymous_0)","decl":{"start":{"line":2,"column":2},"end":{"line":2,"column":null}},"loc":{"start":{"line":2,"column":2},"end":{"line":6,"column":3}}}},"branchMap":{},"s":{"0":3,"1":3,"2":7},"f":{"0":3},"b":{}}
,"/home/gabriel/Documentos/Bootcamp/drivent/Drivent-Back/src/middlewares/errorHandlingMiddleware.ts": {"path":"/home/gabriel/Documentos/Bootcamp/drivent/Drivent-Back/src/middlewares/errorHandlingMiddleware.ts","statementMap":{"0":{"start":{"line":2,"column":0},"end":{"line":2,"column":37}},"1":{"start":{"line":4,"column":0},"end":{"line":4,"column":54}},"2":{"start":{"line":5,"column":0},"end":{"line":5,"column":84}},"3":{"start":{"line":6,"column":0},"end":{"line":6,"column":52}},"4":{"start":{"line":7,"column":0},"end":{"line":7,"column":51}},"5":{"start":{"line":8,"column":0},"end":{"line":8,"column":54}},"6":{"start":{"line":9,"column":0},"end":{"line":9,"column":51}},"7":{"start":{"line":13,"column":2},"end":{"line":17,"column":null}},"8":{"start":{"line":14,"column":4},"end":{"line":16,"column":7}},"9":{"start":{"line":19,"column":2},"end":{"line":23,"column":null}},"10":{"start":{"line":20,"column":4},"end":{"line":22,"column":7}},"11":{"start":{"line":25,"column":2},"end":{"line":30,"column":null}},"12":{"start":{"line":26,"column":4},"end":{"line":29,"column":7}},"13":{"start":{"line":32,"column":2},"end":{"line":36,"column":null}},"14":{"start":{"line":33,"column":4},"end":{"line":35,"column":7}},"15":{"start":{"line":38,"column":2},"end":{"line":42,"column":null}},"16":{"start":{"line":39,"column":4},"end":{"line":41,"column":7}},"17":{"start":{"line":44,"column":2},"end":{"line":48,"column":null}},"18":{"start":{"line":45,"column":4},"end":{"line":47,"column":7}},"19":{"start":{"line":51,"column":2},"end":{"line":51,"column":21}},"20":{"start":{"line":52,"column":2},"end":{"line":54,"column":5}},"21":{"start":{"line":12,"column":0},"end":{"line":12,"column":24}}},"fnMap":{"0":{"name":"errorHandlingMiddleware","decl":{"start":{"line":12,"column":24},"end":{"line":12,"column":47}},"loc":{"start":{"line":12,"column":110},"end":{"line":55,"column":1}}}},"branchMap":{"0":{"loc":{"start":{"line":13,"column":2},"end":{"line":17,"column":null}},"type":"if","locations":[{"start":{"line":13,"column":2},"end":{"line":17,"column":null}},{"start":{"line":13,"column":2},"end":{"line":17,"column":null}}]},"1":{"loc":{"start":{"line":19,"column":2},"end":{"line":23,"column":null}},"type":"if","locations":[{"start":{"line":19,"column":2},"end":{"line":23,"column":null}},{"start":{"line":19,"column":2},"end":{"line":23,"column":null}}]},"2":{"loc":{"start":{"line":25,"column":2},"end":{"line":30,"column":null}},"type":"if","locations":[{"start":{"line":25,"column":2},"end":{"line":30,"column":null}},{"start":{"line":25,"column":2},"end":{"line":30,"column":null}}]},"3":{"loc":{"start":{"line":32,"column":2},"end":{"line":36,"column":null}},"type":"if","locations":[{"start":{"line":32,"column":2},"end":{"line":36,"column":null}},{"start":{"line":32,"column":2},"end":{"line":36,"column":null}}]},"4":{"loc":{"start":{"line":38,"column":2},"end":{"line":42,"column":null}},"type":"if","locations":[{"start":{"line":38,"column":2},"end":{"line":42,"column":null}},{"start":{"line":38,"column":2},"end":{"line":42,"column":null}}]},"5":{"loc":{"start":{"line":44,"column":2},"end":{"line":48,"column":null}},"type":"if","locations":[{"start":{"line":44,"column":2},"end":{"line":48,"column":null}},{"start":{"line":44,"column":2},"end":{"line":48,"column":null}}]}},"s":{"0":7,"1":7,"2":7,"3":7,"4":7,"5":7,"6":7,"7":5,"8":0,"9":5,"10":1,"11":4,"12":0,"13":4,"14":1,"15":3,"16":3,"17":0,"18":0,"19":0,"20":0,"21":7},"f":{"0":5},"b":{"0":[0,5],"1":[1,4],"2":[0,4],"3":[1,3],"4":[3,0],"5":[0,0]}}
,"/home/gabriel/Documentos/Bootcamp/drivent/Drivent-Back/src/middlewares/schemaValidatingMiddleware.ts": {"path":"/home/gabriel/Documentos/Bootcamp/drivent/Drivent-Back/src/middlewares/schemaValidatingMiddleware.ts","statementMap":{"0":{"start":{"line":4,"column":0},"end":{"line":4,"column":52}},"1":{"start":{"line":11,"column":2},"end":{"line":19,"column":4}},"2":{"start":{"line":12,"column":23},"end":{"line":12,"column":84}},"3":{"start":{"line":14,"column":4},"end":{"line":16,"column":null}},"4":{"start":{"line":15,"column":6},"end":{"line":15,"column":95}},"5":{"start":{"line":15,"column":79},"end":{"line":15,"column":92}},"6":{"start":{"line":18,"column":4},"end":{"line":18,"column":11}},"7":{"start":{"line":10,"column":0},"end":{"line":10,"column":24}}},"fnMap":{"0":{"name":"schemaValidatingMiddleware","decl":{"start":{"line":10,"column":24},"end":{"line":10,"column":50}},"loc":{"start":{"line":10,"column":117},"end":{"line":20,"column":1}}},"1":{"name":"(anonymous_2)","decl":{"start":{"line":11,"column":9},"end":{"line":11,"column":18}},"loc":{"start":{"line":11,"column":65},"end":{"line":19,"column":3}}},"2":{"name":"(anonymous_3)","decl":{"start":{"line":15,"column":70},"end":{"line":15,"column":75}},"loc":{"start":{"line":15,"column":79},"end":{"line":15,"column":92}}}},"branchMap":{"0":{"loc":{"start":{"line":10,"column":96},"end":{"line":10,"column":117}},"type":"default-arg","locations":[{"start":{"line":10,"column":96},"end":{"line":10,"column":117}}]},"1":{"loc":{"start":{"line":14,"column":4},"end":{"line":16,"column":null}},"type":"if","locations":[{"start":{"line":14,"column":4},"end":{"line":16,"column":null}},{"start":{"line":14,"column":4},"end":{"line":16,"column":null}}]}},"s":{"0":7,"1":21,"2":3,"3":3,"4":0,"5":0,"6":3,"7":7},"f":{"0":21,"1":3,"2":0},"b":{"0":[21],"1":[0,3]}}
,"/home/gabriel/Documentos/Bootcamp/drivent/Drivent-Back/src/middlewares/tokenValidationMiddleware.ts": {"path":"/home/gabriel/Documentos/Bootcamp/drivent/Drivent-Back/src/middlewares/tokenValidationMiddleware.ts","statementMap":{"0":{"start":{"line":3,"column":0},"end":{"line":3,"column":31}},"1":{"start":{"line":5,"column":0},"end":{"line":5,"column":54}},"2":{"start":{"line":6,"column":0},"end":{"line":6,"column":36}},"3":{"start":{"line":19,"column":2},"end":{"line":43,"column":null}},"4":{"start":{"line":20,"column":23},"end":{"line":20,"column":50}},"5":{"start":{"line":22,"column":18},"end":{"line":22,"column":52}},"6":{"start":{"line":24,"column":4},"end":{"line":26,"column":null}},"7":{"start":{"line":25,"column":6},"end":{"line":25,"column":36}},"8":{"start":{"line":28,"column":34},"end":{"line":30,"column":null}},"9":{"start":{"line":32,"column":23},"end":{"line":32,"column":42}},"10":{"start":{"line":34,"column":25},"end":{"line":34,"column":58}},"11":{"start":{"line":35,"column":4},"end":{"line":37,"column":null}},"12":{"start":{"line":36,"column":6},"end":{"line":36,"column":36}},"13":{"start":{"line":39,"column":4},"end":{"line":39,"column":30}},"14":{"start":{"line":40,"column":4},"end":{"line":40,"column":11}},"15":{"start":{"line":42,"column":4},"end":{"line":42,"column":34}},"16":{"start":{"line":14,"column":0},"end":{"line":14,"column":30}}},"fnMap":{"0":{"name":"authenticationMiddleware","decl":{"start":{"line":14,"column":30},"end":{"line":14,"column":54}},"loc":{"start":{"line":17,"column":20},"end":{"line":44,"column":null}}}},"branchMap":{"0":{"loc":{"start":{"line":22,"column":28},"end":{"line":22,"column":30}},"type":"cond-expr","locations":[{"start":{"line":22,"column":28},"end":{"line":22,"column":30}},{"start":{"line":22,"column":18},"end":{"line":22,"column":52}}]},"1":{"loc":{"start":{"line":22,"column":18},"end":{"line":22,"column":30}},"type":"binary-expr","locations":[{"start":{"line":22,"column":18},"end":{"line":22,"column":30}},{"start":{"line":22,"column":18},"end":{"line":22,"column":30}}]},"2":{"loc":{"start":{"line":24,"column":4},"end":{"line":26,"column":null}},"type":"if","locations":[{"start":{"line":24,"column":4},"end":{"line":26,"column":null}},{"start":{"line":24,"column":4},"end":{"line":26,"column":null}}]},"3":{"loc":{"start":{"line":35,"column":4},"end":{"line":37,"column":null}},"type":"if","locations":[{"start":{"line":35,"column":4},"end":{"line":37,"column":null}},{"start":{"line":35,"column":4},"end":{"line":37,"column":null}}]}},"s":{"0":7,"1":7,"2":7,"3":21,"4":21,"5":21,"6":21,"7":0,"8":21,"9":18,"10":18,"11":18,"12":0,"13":18,"14":18,"15":3,"16":7},"f":{"0":21},"b":{"0":[0,21],"1":[21,21],"2":[0,21],"3":[0,18]}}
,"/home/gabriel/Documentos/Bootcamp/drivent/Drivent-Back/src/routers/index.ts": {"path":"/home/gabriel/Documentos/Bootcamp/drivent/Drivent-Back/src/routers/index.ts","statementMap":{"0":{"start":{"line":1,"column":0},"end":{"line":1,"column":33}},"1":{"start":{"line":3,"column":0},"end":{"line":3,"column":44}},"2":{"start":{"line":5,"column":15},"end":{"line":5,"column":23}},"3":{"start":{"line":7,"column":0},"end":{"line":7,"column":30}},"4":{"start":{"line":9,"column":0},"end":{"line":9,"column":22}}},"fnMap":{},"branchMap":{},"s":{"0":7,"1":7,"2":7,"3":7,"4":7},"f":{},"b":{}}
,"/home/gabriel/Documentos/Bootcamp/drivent/Drivent-Back/src/routers/client/activity.ts": {"path":"/home/gabriel/Documentos/Bootcamp/drivent/Drivent-Back/src/routers/client/activity.ts","statementMap":{"0":{"start":{"line":1,"column":0},"end":{"line":1,"column":33}},"1":{"start":{"line":3,"column":0},"end":{"line":3,"column":60}},"2":{"start":{"line":5,"column":15},"end":{"line":5,"column":23}},"3":{"start":{"line":7,"column":0},"end":{"line":7,"column":50}},"4":{"start":{"line":8,"column":0},"end":{"line":8,"column":57}},"5":{"start":{"line":9,"column":0},"end":{"line":9,"column":65}},"6":{"start":{"line":10,"column":0},"end":{"line":10,"column":22}}},"fnMap":{},"branchMap":{},"s":{"0":7,"1":7,"2":7,"3":7,"4":7,"5":7,"6":7},"f":{},"b":{}}
,"/home/gabriel/Documentos/Bootcamp/drivent/Drivent-Back/src/routers/client/auth.ts": {"path":"/home/gabriel/Documentos/Bootcamp/drivent/Drivent-Back/src/routers/client/auth.ts","statementMap":{"0":{"start":{"line":1,"column":0},"end":{"line":1,"column":33}},"1":{"start":{"line":3,"column":0},"end":{"line":3,"column":56}},"2":{"start":{"line":4,"column":0},"end":{"line":4,"column":82}},"3":{"start":{"line":6,"column":0},"end":{"line":6,"column":50}},"4":{"start":{"line":8,"column":15},"end":{"line":8,"column":23}},"5":{"start":{"line":10,"column":0},"end":{"line":10,"column":85}},"6":{"start":{"line":12,"column":0},"end":{"line":12,"column":22}}},"fnMap":{},"branchMap":{},"s":{"0":7,"1":7,"2":7,"3":7,"4":7,"5":7,"6":7},"f":{},"b":{}}
,"/home/gabriel/Documentos/Bootcamp/drivent/Drivent-Back/src/routers/client/enrollment.ts": {"path":"/home/gabriel/Documentos/Bootcamp/drivent/Drivent-Back/src/routers/client/enrollment.ts","statementMap":{"0":{"start":{"line":1,"column":0},"end":{"line":1,"column":33}},"1":{"start":{"line":3,"column":0},"end":{"line":3,"column":62}},"2":{"start":{"line":5,"column":0},"end":{"line":5,"column":82}},"3":{"start":{"line":7,"column":0},"end":{"line":7,"column":58}},"4":{"start":{"line":9,"column":15},"end":{"line":9,"column":23}},"5":{"start":{"line":11,"column":0},"end":{"line":11,"column":94}},"6":{"start":{"line":12,"column":0},"end":{"line":12,"column":47}},"7":{"start":{"line":14,"column":0},"end":{"line":14,"column":22}}},"fnMap":{},"branchMap":{},"s":{"0":7,"1":7,"2":7,"3":7,"4":7,"5":7,"6":7,"7":7},"f":{},"b":{}}
,"/home/gabriel/Documentos/Bootcamp/drivent/Drivent-Back/src/routers/client/event.ts": {"path":"/home/gabriel/Documentos/Bootcamp/drivent/Drivent-Back/src/routers/client/event.ts","statementMap":{"0":{"start":{"line":1,"column":0},"end":{"line":1,"column":33}},"1":{"start":{"line":3,"column":0},"end":{"line":3,"column":57}},"2":{"start":{"line":5,"column":15},"end":{"line":5,"column":23}},"3":{"start":{"line":7,"column":0},"end":{"line":7,"column":32}},"4":{"start":{"line":9,"column":0},"end":{"line":9,"column":22}}},"fnMap":{},"branchMap":{},"s":{"0":7,"1":7,"2":7,"3":7,"4":7},"f":{},"b":{}}
,"/home/gabriel/Documentos/Bootcamp/drivent/Drivent-Back/src/routers/client/hotel.ts": {"path":"/home/gabriel/Documentos/Bootcamp/drivent/Drivent-Back/src/routers/client/hotel.ts","statementMap":{"0":{"start":{"line":1,"column":0},"end":{"line":1,"column":33}},"1":{"start":{"line":3,"column":0},"end":{"line":3,"column":57}},"2":{"start":{"line":5,"column":15},"end":{"line":5,"column":23}},"3":{"start":{"line":7,"column":0},"end":{"line":7,"column":41}},"4":{"start":{"line":9,"column":0},"end":{"line":9,"column":22}}},"fnMap":{},"branchMap":{},"s":{"0":7,"1":7,"2":7,"3":7,"4":7},"f":{},"b":{}}
,"/home/gabriel/Documentos/Bootcamp/drivent/Drivent-Back/src/routers/client/index.ts": {"path":"/home/gabriel/Documentos/Bootcamp/drivent/Drivent-Back/src/routers/client/index.ts","statementMap":{"0":{"start":{"line":1,"column":0},"end":{"line":1,"column":33}},"1":{"start":{"line":3,"column":0},"end":{"line":3,"column":49}},"2":{"start":{"line":4,"column":0},"end":{"line":4,"column":47}},"3":{"start":{"line":5,"column":0},"end":{"line":5,"column":47}},"4":{"start":{"line":6,"column":0},"end":{"line":6,"column":59}},"5":{"start":{"line":7,"column":0},"end":{"line":7,"column":51}},"6":{"start":{"line":8,"column":0},"end":{"line":8,"column":49}},"7":{"start":{"line":9,"column":0},"end":{"line":9,"column":61}},"8":{"start":{"line":10,"column":0},"end":{"line":10,"column":55}},"9":{"start":{"line":11,"column":0},"end":{"line":11,"column":53}},"10":{"start":{"line":13,"column":0},"end":{"line":13,"column":80}},"11":{"start":{"line":15,"column":15},"end":{"line":15,"column":23}},"12":{"start":{"line":17,"column":0},"end":{"line":17,"column":34}},"13":{"start":{"line":18,"column":0},"end":{"line":18,"column":33}},"14":{"start":{"line":19,"column":0},"end":{"line":19,"column":32}},"15":{"start":{"line":20,"column":0},"end":{"line":20,"column":72}},"16":{"start":{"line":21,"column":0},"end":{"line":21,"column":36}},"17":{"start":{"line":22,"column":0},"end":{"line":22,"column":62}},"18":{"start":{"line":23,"column":0},"end":{"line":23,"column":73}},"19":{"start":{"line":24,"column":0},"end":{"line":24,"column":69}},"20":{"start":{"line":25,"column":0},"end":{"line":25,"column":66}},"21":{"start":{"line":27,"column":0},"end":{"line":27,"column":22}}},"fnMap":{},"branchMap":{},"s":{"0":7,"1":7,"2":7,"3":7,"4":7,"5":7,"6":7,"7":7,"8":7,"9":7,"10":7,"11":7,"12":7,"13":7,"14":7,"15":7,"16":7,"17":7,"18":7,"19":7,"20":7,"21":7},"f":{},"b":{}}
,"/home/gabriel/Documentos/Bootcamp/drivent/Drivent-Back/src/routers/client/payment.ts": {"path":"/home/gabriel/Documentos/Bootcamp/drivent/Drivent-Back/src/routers/client/payment.ts","statementMap":{"0":{"start":{"line":1,"column":0},"end":{"line":1,"column":33}},"1":{"start":{"line":3,"column":0},"end":{"line":3,"column":60}},"2":{"start":{"line":5,"column":15},"end":{"line":5,"column":23}},"3":{"start":{"line":7,"column":0},"end":{"line":7,"column":41}},"4":{"start":{"line":9,"column":0},"end":{"line":9,"column":22}}},"fnMap":{},"branchMap":{},"s":{"0":7,"1":7,"2":7,"3":7,"4":7},"f":{},"b":{}}
,"/home/gabriel/Documentos/Bootcamp/drivent/Drivent-Back/src/routers/client/reservation.ts": {"path":"/home/gabriel/Documentos/Bootcamp/drivent/Drivent-Back/src/routers/client/reservation.ts","statementMap":{"0":{"start":{"line":1,"column":0},"end":{"line":1,"column":33}},"1":{"start":{"line":3,"column":0},"end":{"line":3,"column":63}},"2":{"start":{"line":5,"column":15},"end":{"line":5,"column":23}},"3":{"start":{"line":7,"column":0},"end":{"line":7,"column":50}},"4":{"start":{"line":8,"column":0},"end":{"line":8,"column":43}},"5":{"start":{"line":9,"column":0},"end":{"line":9,"column":55}},"6":{"start":{"line":11,"column":0},"end":{"line":11,"column":22}}},"fnMap":{},"branchMap":{},"s":{"0":7,"1":7,"2":7,"3":7,"4":7,"5":7,"6":7},"f":{},"b":{}}
,"/home/gabriel/Documentos/Bootcamp/drivent/Drivent-Back/src/routers/client/ticket.ts": {"path":"/home/gabriel/Documentos/Bootcamp/drivent/Drivent-Back/src/routers/client/ticket.ts","statementMap":{"0":{"start":{"line":1,"column":0},"end":{"line":1,"column":33}},"1":{"start":{"line":3,"column":0},"end":{"line":3,"column":58}},"2":{"start":{"line":5,"column":15},"end":{"line":5,"column":23}},"3":{"start":{"line":7,"column":0},"end":{"line":7,"column":38}},"4":{"start":{"line":9,"column":0},"end":{"line":9,"column":22}}},"fnMap":{},"branchMap":{},"s":{"0":7,"1":7,"2":7,"3":7,"4":7},"f":{},"b":{}}
,"/home/gabriel/Documentos/Bootcamp/drivent/Drivent-Back/src/routers/client/user.ts": {"path":"/home/gabriel/Documentos/Bootcamp/drivent/Drivent-Back/src/routers/client/user.ts","statementMap":{"0":{"start":{"line":1,"column":0},"end":{"line":1,"column":33}},"1":{"start":{"line":3,"column":0},"end":{"line":3,"column":56}},"2":{"start":{"line":5,"column":0},"end":{"line":5,"column":82}},"3":{"start":{"line":6,"column":0},"end":{"line":6,"column":58}},"4":{"start":{"line":8,"column":15},"end":{"line":8,"column":23}},"5":{"start":{"line":10,"column":0},"end":{"line":10,"column":85}},"6":{"start":{"line":12,"column":0},"end":{"line":12,"column":22}}},"fnMap":{},"branchMap":{},"s":{"0":7,"1":7,"2":7,"3":7,"4":7,"5":7,"6":7},"f":{},"b":{}}
,"/home/gabriel/Documentos/Bootcamp/drivent/Drivent-Back/src/schemas/createNewUser.ts": {"path":"/home/gabriel/Documentos/Bootcamp/drivent/Drivent-Back/src/schemas/createNewUser.ts","statementMap":{"0":{"start":{"line":1,"column":0},"end":{"line":1,"column":22}},"1":{"start":{"line":3,"column":0},"end":{"line":6,"column":3}}},"fnMap":{},"branchMap":{},"s":{"0":7,"1":7},"f":{},"b":{}}
,"/home/gabriel/Documentos/Bootcamp/drivent/Drivent-Back/src/schemas/enrollmentSchema.ts": {"path":"/home/gabriel/Documentos/Bootcamp/drivent/Drivent-Back/src/schemas/enrollmentSchema.ts","statementMap":{"0":{"start":{"line":1,"column":0},"end":{"line":1,"column":22}},"1":{"start":{"line":3,"column":0},"end":{"line":17,"column":3}}},"fnMap":{},"branchMap":{},"s":{"0":7,"1":7},"f":{},"b":{}}
,"/home/gabriel/Documentos/Bootcamp/drivent/Drivent-Back/src/schemas/signInSchema.ts": {"path":"/home/gabriel/Documentos/Bootcamp/drivent/Drivent-Back/src/schemas/signInSchema.ts","statementMap":{"0":{"start":{"line":1,"column":0},"end":{"line":1,"column":22}},"1":{"start":{"line":3,"column":0},"end":{"line":6,"column":3}}},"fnMap":{},"branchMap":{},"s":{"0":7,"1":7},"f":{},"b":{}}
,"/home/gabriel/Documentos/Bootcamp/drivent/Drivent-Back/src/services/client/activity.ts": {"path":"/home/gabriel/Documentos/Bootcamp/drivent/Drivent-Back/src/services/client/activity.ts","statementMap":{"0":{"start":{"line":1,"column":0},"end":{"line":1,"column":43}},"1":{"start":{"line":2,"column":0},"end":{"line":2,"column":43}},"2":{"start":{"line":3,"column":0},"end":{"line":3,"column":35}},"3":{"start":{"line":4,"column":0},"end":{"line":4,"column":55}},"4":{"start":{"line":5,"column":0},"end":{"line":5,"column":26}},"5":{"start":{"line":6,"column":0},"end":{"line":6,"column":47}},"6":{"start":{"line":7,"column":0},"end":{"line":7,"column":24}},"7":{"start":{"line":10,"column":29},"end":{"line":15,"column":14}},"8":{"start":{"line":17,"column":2},"end":{"line":17,"column":28}},"9":{"start":{"line":9,"column":0},"end":{"line":9,"column":22}},"10":{"start":{"line":24,"column":15},"end":{"line":24,"column":60}},"11":{"start":{"line":25,"column":19},"end":{"line":25,"column":72}},"12":{"start":{"line":26,"column":2},"end":{"line":28,"column":null}},"13":{"start":{"line":27,"column":4},"end":{"line":27,"column":16}},"14":{"start":{"line":29,"column":2},"end":{"line":29,"column":69}},"15":{"start":{"line":29,"column":57},"end":{"line":29,"column":69}},"16":{"start":{"line":30,"column":23},"end":{"line":30,"column":46}},"17":{"start":{"line":31,"column":2},"end":{"line":31,"column":27}},"18":{"start":{"line":32,"column":2},"end":{"line":32,"column":35}},"19":{"start":{"line":33,"column":2},"end":{"line":33,"column":28}},"20":{"start":{"line":34,"column":2},"end":{"line":34,"column":22}},"21":{"start":{"line":20,"column":0},"end":{"line":20,"column":22}},"22":{"start":{"line":41,"column":2},"end":{"line":44,"column":5}},"23":{"start":{"line":37,"column":0},"end":{"line":37,"column":22}},"24":{"start":{"line":48,"column":34},"end":{"line":51,"column":4}},"25":{"start":{"line":52,"column":34},"end":{"line":77,"column":4}},"26":{"start":{"line":53,"column":4},"end":{"line":76,"column":null}},"27":{"start":{"line":54,"column":6},"end":{"line":75,"column":null}},"28":{"start":{"line":74,"column":8},"end":{"line":74,"column":20}},"29":{"start":{"line":78,"column":2},"end":{"line":78,"column":43}},"30":{"start":{"line":78,"column":31},"end":{"line":78,"column":43}}},"fnMap":{"0":{"name":"getActivitiesDaysList","decl":{"start":{"line":9,"column":22},"end":{"line":9,"column":43}},"loc":{"start":{"line":9,"column":43},"end":{"line":18,"column":null}}},"1":{"name":"saveActivityUserReservation","decl":{"start":{"line":20,"column":22},"end":{"line":20,"column":49}},"loc":{"start":{"line":22,"column":20},"end":{"line":35,"column":null}}},"2":{"name":"deleteActivityUserReservation","decl":{"start":{"line":37,"column":22},"end":{"line":37,"column":51}},"loc":{"start":{"line":39,"column":20},"end":{"line":45,"column":null}}},"3":{"name":"checkActivityTimeConflict","decl":{"start":{"line":47,"column":15},"end":{"line":47,"column":40}},"loc":{"start":{"line":47,"column":75},"end":{"line":79,"column":null}}},"4":{"name":"(anonymous_16)","decl":{"start":{"line":52,"column":63},"end":{"line":52,"column":64}},"loc":{"start":{"line":52,"column":76},"end":{"line":77,"column":3}}}},"branchMap":
[...]
,"14":{"start":{"line":23,"column":2},"end":{"line":23,"column":54}},"15":{"start":{"line":23,"column":18},"end":{"line":23,"column":54}},"16":{"start":{"line":24,"column":2},"end":{"line":24,"column":21}},"17":{"start":{"line":15,"column":0},"end":{"line":15,"column":22}},"18":{"start":{"line":28,"column":29},"end":{"line":28,"column":78}},"19":{"start":{"line":29,"column":2},"end":{"line":29,"column":62}},"20":{"start":{"line":30,"column":2},"end":{"line":30,"column":28}},"21":{"start":{"line":34,"column":2},"end":{"line":34,"column":42}},"22":{"start":{"line":34,"column":30},"end":{"line":34,"column":42}},"23":{"start":{"line":35,"column":2},"end":{"line":35,"column":46}},"24":{"start":{"line":36,"column":2},"end":{"line":36,"column":20}},"25":{"start":{"line":37,"column":2},"end":{"line":37,"column":26}},"26":{"start":{"line":38,"column":2},"end":{"line":38,"column":27}},"27":{"start":{"line":39,"column":2},"end":{"line":39,"column":21}}},"fnMap":{"0":{"name":"createReservation","decl":{"start":{"line":6,"column":22},"end":{"line":6,"column":39}},"loc":{"start":{"line":6,"column":72},"end":{"line":8,"column":null}}},"1":{"name":"findReservation","decl":{"start":{"line":10,"column":22},"end":{"line":10,"column":37}},"loc":{"start":{"line":10,"column":48},"end":{"line":13,"column":null}}},"2":{"name":"insertRoomReservation","decl":{"start":{"line":15,"column":22},"end":{"line":15,"column":43}},"loc":{"start":{"line":15,"column":94},"end":{"line":25,"column":null}}},"3":{"name":"refundRoomVacancy","decl":{"start":{"line":27,"column":15},"end":{"line":27,"column":32}},"loc":{"start":{"line":27,"column":51},"end":{"line":31,"column":null}}},"4":{"name":"removeRoomVacancyAndSaveReservation","decl":{"start":{"line":33,"column":15},"end":{"line":33,"column":50}},"loc":{"start":{"line":33,"column":87},"end":{"line":40,"column":null}}}},"branchMap":{"0":{"loc":{"start":{"line":17,"column":2},"end":{"line":17,"column":50}},"type":"if","locations":[{"start":{"line":17,"column":2},"end":{"line":17,"column":50}},{"start":{"line":17,"column":2},"end":{"line":17,"column":50}}]},"1":{"loc":{"start":{"line":17,"column":6},"end":{"line":17,"column":17}},"type":"binary-expr","locations":[{"start":{"line":17,"column":6},"end":{"line":17,"column":17}},{"start":{"line":17,"column":21},"end":{"line":17,"column":41}}]},"2":{"loc":{"start":{"line":17,"column":37},"end":{"line":17,"column":39}},"type":"cond-expr","locations":[{"start":{"line":17,"column":37},"end":{"line":17,"column":39}},{"start":{"line":17,"column":37},"end":{"line":17,"column":41}}]},"3":{"loc":{"start":{"line":17,"column":21},"end":{"line":17,"column":39}},"type":"binary-expr","locations":[{"start":{"line":17,"column":21},"end":{"line":17,"column":39}},{"start":{"line":17,"column":37},"end":{"line":17,"column":39}}]},"4":{"loc":{"start":{"line":22,"column":2},"end":{"line":22,"column":26}},"type":"if","locations":[{"start":{"line":22,"column":2},"end":{"line":22,"column":26}},{"start":{"line":22,"column":2},"end":{"line":22,"column":26}}]},"5":{"loc":{"start":{"line":23,"column":2},"end":{"line":23,"column":54}},"type":"if","locations":[{"start":{"line":23,"column":2},"end":{"line":23,"column":54}},{"start":{"line":23,"column":2},"end":{"line":23,"column":54}}]},"6":{"loc":{"start":{"line":34,"column":2},"end":{"line":34,"column":42}},"type":"if","locations":[{"start":{"line":34,"column":2},"end":{"line":34,"column":42}},{"start":{"line":34,"column":2},"end":{"line":34,"column":42}}]}},"s":{"0":7,"1":7,"2":1,"3":7,"4":2,"5":2,"6":7,"7":7,"8":7,"9":1,"10":6,"11":6,"12":6,"13":1,"14":5,"15":2,"16":5,"17":7,"18":2,"19":2,"20":2,"21":6,"22":1,"23":5,"24":5,"25":5,"26":5,"27":5},"f":{"0":1,"1":2,"2":7,"3":2,"4":6},"b":{"0":[1,6],"1":[7,5],"2":[4,1],"3":[5,1],"4":[1,5],"5":[2,3],"6":[1,5]}}
,"/home/gabriel/Documentos/Bootcamp/drivent/Drivent-Back/src/services/client/ticket.ts": {"path":"/home/gabriel/Documentos/Bootcamp/drivent/Drivent-Back/src/services/client/ticket.ts","statementMap":{"0":{"start":{"line":1,"column":0},"end":{"line":1,"column":49}},"1":{"start":{"line":4,"column":17},"end":{"line":4,"column":46}},"2":{"start":{"line":5,"column":18},"end":{"line":5,"column":20}},"3":{"start":{"line":6,"column":2},"end":{"line":8,"column":5}},"4":{"start":{"line":7,"column":4},"end":{"line":7,"column":58}},"5":{"start":{"line":9,"column":2},"end":{"line":9,"column":19}},"6":{"start":{"line":3,"column":0},"end":{"line":3,"column":22}}},"fnMap":{"0":{"name":"getPrices","decl":{"start":{"line":3,"column":22},"end":{"line":3,"column":31}},"loc":{"start":{"line":3,"column":31},"end":{"line":10,"column":null}}},"1":{"name":"(anonymous_10)","decl":{"start":{"line":6,"column":17},"end":{"line":6,"column":18}},"loc":{"start":{"line":6,"column":26},"end":{"line":8,"column":3}}}},"branchMap":{},"s":{"0":7,"1":0,"2":0,"3":0,"4":0,"5":0,"6":7},"f":{"0":0,"1":0},"b":{}}
,"/home/gabriel/Documentos/Bootcamp/drivent/Drivent-Back/src/services/client/user.ts": {"path":"/home/gabriel/Documentos/Bootcamp/drivent/Drivent-Back/src/services/client/user.ts","statementMap":{"0":{"start":{"line":1,"column":0},"end":{"line":1,"column":26}},"1":{"start":{"line":2,"column":0},"end":{"line":2,"column":35}},"2":{"start":{"line":4,"column":0},"end":{"line":4,"column":84}},"3":{"start":{"line":5,"column":0},"end":{"line":5,"column":41}},"4":{"start":{"line":8,"column":19},"end":{"line":8,"column":51}},"5":{"start":{"line":10,"column":2},"end":{"line":12,"column":null}},"6":{"start":{"line":11,"column":4},"end":{"line":11,"column":49}},"7":{"start":{"line":14,"column":15},"end":{"line":14,"column":52}},"8":{"start":{"line":15,"column":2},"end":{"line":15,"column":14}},"9":{"start":{"line":7,"column":0},"end":{"line":7,"column":22}}},"fnMap":{"0":{"name":"createNewUser","decl":{"start":{"line":7,"column":22},"end":{"line":7,"column":35}},"loc":{"start":{"line":7,"column":67},"end":{"line":16,"column":null}}}},"branchMap":{"0":{"loc":{"start":{"line":10,"column":2},"end":{"line":12,"column":null}},"type":"if","locations":[{"start":{"line":10,"column":2},"end":{"line":12,"column":null}},{"start":{"line":10,"column":2},"end":{"line":12,"column":null}}]}},"s":{"0":7,"1":7,"2":7,"3":7,"4":3,"5":3,"6":1,"7":2,"8":1,"9":7},"f":{"0":3},"b":{"0":[1,2]}}
,"/home/gabriel/Documentos/Bootcamp/drivent/Drivent-Back/tests/factories/activityFactory.ts": {"path":"/home/gabriel/Documentos/Bootcamp/drivent/Drivent-Back/tests/factories/activityFactory.ts","statementMap":{"0":{"start":{"line":2,"column":0},"end":{"line":2,"column":51}},"1":{"start":{"line":9,"column":19},"end":{"line":9,"column":36}},"2":{"start":{"line":11,"column":2},"end":{"line":11,"column":25}},"3":{"start":{"line":12,"column":2},"end":{"line":12,"column":25}},"4":{"start":{"line":13,"column":2},"end":{"line":13,"column":29}},"5":{"start":{"line":14,"column":2},"end":{"line":14,"column":30}},"6":{"start":{"line":15,"column":2},"end":{"line":15,"column":37}},"7":{"start":{"line":16,"column":2},"end":{"line":16,"column":30}},"8":{"start":{"line":18,"column":2},"end":{"line":18,"column":24}},"9":{"start":{"line":20,"column":2},"end":{"line":20,"column":18}},"10":{"start":{"line":4,"column":0},"end":{"line":4,"column":22}}},"fnMap":{"0":{"name":"createActivity","decl":{"start":{"line":4,"column":22},"end":{"line":4,"column":36}},"loc":{"start":{"line":7,"column":16},"end":{"line":21,"column":null}}}},"branchMap":{},"s":{"0":1,"1":5,"2":5,"3":5,"4":5,"5":5,"6":5,"7":5,"8":5,"9":5,"10":1},"f":{"0":5},"b":{}}
,"/home/gabriel/Documentos/Bootcamp/drivent/Drivent-Back/tests/factories/activityPlaceFactory.ts": {"path":"/home/gabriel/Documentos/Bootcamp/drivent/Drivent-Back/tests/factories/activityPlaceFactory.ts","statementMap":{"0":{"start":{"line":1,"column":0},"end":{"line":1,"column":61}},"1":{"start":{"line":4,"column":24},"end":{"line":4,"column":46}},"2":{"start":{"line":6,"column":2},"end":{"line":6,"column":30}},"3":{"start":{"line":8,"column":2},"end":{"line":8,"column":29}},"4":{"start":{"line":9,"column":2},"end":{"line":9,"column":23}},"5":{"start":{"line":3,"column":0},"end":{"line":3,"column":22}}},"fnMap":{"0":{"name":"createActivityPlace","decl":{"start":{"line":3,"column":22},"end":{"line":3,"column":41}},"loc":{"start":{"line":3,"column":41},"end":{"line":10,"column":null}}}},"branchMap":{},"s":{"0":1,"1":4,"2":4,"3":4,"4":4,"5":1},"f":{"0":4},"b":{}}
,"/home/gabriel/Documentos/Bootcamp/drivent/Drivent-Back/tests/factories/eventDayFactory.ts": {"path":"/home/gabriel/Documentos/Bootcamp/drivent/Drivent-Back/tests/factories/eventDayFactory.ts","statementMap":{"0":{"start":{"line":1,"column":0},"end":{"line":1,"column":43}},"1":{"start":{"line":4,"column":19},"end":{"line":6,"column":4}},"2":{"start":{"line":8,"column":2},"end":{"line":8,"column":24}},"3":{"start":{"line":10,"column":2},"end":{"line":10,"column":18}},"4":{"start":{"line":3,"column":0},"end":{"line":3,"column":22}}},"fnMap":{"0":{"name":"createEventDay","decl":{"start":{"line":3,"column":22},"end":{"line":3,"column":36}},"loc":{"start":{"line":3,"column":36},"end":{"line":11,"column":null}}}},"branchMap":{},"s":{"0":1,"1":6,"2":6,"3":6,"4":1},"f":{"0":6},"b":{}}
,"/home/gabriel/Documentos/Bootcamp/drivent/Drivent-Back/tests/factories/hotelFactory.ts": {"path":"/home/gabriel/Documentos/Bootcamp/drivent/Drivent-Back/tests/factories/hotelFactory.ts","statementMap":{"0":{"start":{"line":1,"column":0},"end":{"line":1,"column":37}},"1":{"start":{"line":4,"column":16},"end":{"line":7,"column":4}},"2":{"start":{"line":9,"column":2},"end":{"line":9,"column":21}},"3":{"start":{"line":11,"column":2},"end":{"line":11,"column":15}},"4":{"start":{"line":3,"column":0},"end":{"line":3,"column":22}}},"fnMap":{"0":{"name":"createHotel","decl":{"start":{"line":3,"column":22},"end":{"line":3,"column":33}},"loc":{"start":{"line":3,"column":33},"end":{"line":12,"column":null}}}},"branchMap":{},"s":{"0":1,"1":1,"2":1,"3":1,"4":1},"f":{"0":1},"b":{}}
,"/home/gabriel/Documentos/Bootcamp/drivent/Drivent-Back/tests/factories/paymentFactory.ts": {"path":"/home/gabriel/Documentos/Bootcamp/drivent/Drivent-Back/tests/factories/paymentFactory.ts","statementMap":{"0":{"start":{"line":1,"column":0},"end":{"line":1,"column":41}},"1":{"start":{"line":4,"column":18},"end":{"line":8,"column":4}},"2":{"start":{"line":10,"column":2},"end":{"line":10,"column":23}},"3":{"start":{"line":12,"column":2},"end":{"line":12,"column":17}},"4":{"start":{"line":3,"column":0},"end":{"line":3,"column":22}}},"fnMap":{"0":{"name":"createPayment","decl":{"start":{"line":3,"column":22},"end":{"line":3,"column":35}},"loc":{"start":{"line":3,"column":35},"end":{"line":13,"column":null}}}},"branchMap":{},"s":{"0":1,"1":6,"2":6,"3":6,"4":1},"f":{"0":6},"b":{}}
,"/home/gabriel/Documentos/Bootcamp/drivent/Drivent-Back/tests/factories/reservationFactory.ts": {"path":"/home/gabriel/Documentos/Bootcamp/drivent/Drivent-Back/tests/factories/reservationFactory.ts","statementMap":{"0":{"start":{"line":1,"column":0},"end":{"line":1,"column":49}},"1":{"start":{"line":4,"column":22},"end":{"line":9,"column":4}},"2":{"start":{"line":11,"column":2},"end":{"line":11,"column":27}},"3":{"start":{"line":13,"column":2},"end":{"line":13,"column":21}},"4":{"start":{"line":3,"column":0},"end":{"line":3,"column":22}}},"fnMap":{"0":{"name":"createReservation","decl":{"start":{"line":3,"column":22},"end":{"line":3,"column":39}},"loc":{"start":{"line":3,"column":98},"end":{"line":14,"column":null}}}},"branchMap":{"0":{"loc":{"start":{"line":3,"column":94},"end":{"line":3,"column":98}},"type":"default-arg","locations":[{"start":{"line":3,"column":94},"end":{"line":3,"column":98}}]}},"s":{"0":2,"1":7,"2":7,"3":7,"4":2},"f":{"0":7},"b":{"0":[1]}}
,"/home/gabriel/Documentos/Bootcamp/drivent/Drivent-Back/tests/factories/roomFactory.ts": {"path":"/home/gabriel/Documentos/Bootcamp/drivent/Drivent-Back/tests/factories/roomFactory.ts","statementMap":{"0":{"start":{"line":1,"column":0},"end":{"line":1,"column":35}},"1":{"start":{"line":4,"column":15},"end":{"line":8,"column":4}},"2":{"start":{"line":10,"column":2},"end":{"line":10,"column":20}},"3":{"start":{"line":12,"column":2},"end":{"line":12,"column":14}},"4":{"start":{"line":3,"column":0},"end":{"line":3,"column":22}}},"fnMap":{"0":{"name":"createRoom","decl":{"start":{"line":3,"column":22},"end":{"line":3,"column":32}},"loc":{"start":{"line":3,"column":64},"end":{"line":13,"column":null}}}},"branchMap":{"0":{"loc":{"start":{"line":3,"column":44},"end":{"line":3,"column":45}},"type":"default-arg","locations":[{"start":{"line":3,"column":44},"end":{"line":3,"column":45}}]},"1":{"loc":{"start":{"line":3,"column":63},"end":{"line":3,"column":64}},"type":"default-arg","locations":[{"start":{"line":3,"column":63},"end":{"line":3,"column":64}}]}},"s":{"0":1,"1":7,"2":7,"3":7,"4":1},"f":{"0":7},"b":{"0":[0],"1":[0]}}
,"/home/gabriel/Documentos/Bootcamp/drivent/Drivent-Back/tests/factories/sessionFactory.ts": {"path":"/home/gabriel/Documentos/Bootcamp/drivent/Drivent-Back/tests/factories/sessionFactory.ts","statementMap":{"0":{"start":{"line":1,"column":0},"end":{"line":1,"column":31}},"1":{"start":{"line":3,"column":0},"end":{"line":3,"column":44}},"2":{"start":{"line":6,"column":2},"end":{"line":6,"column":45}},"3":{"start":{"line":7,"column":2},"end":{"line":7,"column":44}},"4":{"start":{"line":8,"column":16},"end":{"line":13,"column":null}},"5":{"start":{"line":16,"column":2},"end":{"line":16,"column":15}},"6":{"start":{"line":5,"column":0},"end":{"line":5,"column":22}}},"fnMap":{"0":{"name":"createSession","decl":{"start":{"line":5,"column":22},"end":{"line":5,"column":35}},"loc":{"start":{"line":5,"column":50},"end":{"line":17,"column":null}}}},"branchMap":{},"s":{"0":3,"1":3,"2":8,"3":8,"4":8,"5":8,"6":3},"f":{"0":8},"b":{}}
,"/home/gabriel/Documentos/Bootcamp/drivent/Drivent-Back/tests/factories/ticketFactory.ts": {"path":"/home/gabriel/Documentos/Bootcamp/drivent/Drivent-Back/tests/factories/ticketFactory.ts","statementMap":{"0":{"start":{"line":1,"column":0},"end":{"line":1,"column":39}},"1":{"start":{"line":4,"column":17},"end":{"line":8,"column":4}},"2":{"start":{"line":10,"column":2},"end":{"line":10,"column":22}},"3":{"start":{"line":12,"column":2},"end":{"line":12,"column":16}},"4":{"start":{"line":3,"column":0},"end":{"line":3,"column":22}}},"fnMap":{"0":{"name":"createTicket","decl":{"start":{"line":3,"column":22},"end":{"line":3,"column":34}},"loc":{"start":{"line":3,"column":34},"end":{"line":13,"column":null}}}},"branchMap":{},"s":{"0":2,"1":7,"2":7,"3":7,"4":2},"f":{"0":7},"b":{}}
,"/home/gabriel/Documentos/Bootcamp/drivent/Drivent-Back/tests/factories/userActivityFactory.ts": {"path":"/home/gabriel/Documentos/Bootcamp/drivent/Drivent-Back/tests/factories/userActivityFactory.ts","statementMap":{"0":{"start":{"line":1,"column":0},"end":{"line":1,"column":63}},"1":{"start":{"line":4,"column":23},"end":{"line":4,"column":46}},"2":{"start":{"line":6,"column":2},"end":{"line":6,"column":31}},"3":{"start":{"line":7,"column":2},"end":{"line":7,"column":39}},"4":{"start":{"line":9,"column":2},"end":{"line":9,"column":28}},"5":{"start":{"line":11,"column":2},"end":{"line":11,"column":22}},"6":{"start":{"line":3,"column":0},"end":{"line":3,"column":22}}},"fnMap":{"0":{"name":"createSeatReservation","decl":{"start":{"line":3,"column":22},"end":{"line":3,"column":43}},"loc":{"start":{"line":3,"column":78},"end":{"line":12,"column":null}}}},"branchMap":{},"s":{"0":1,"1":2,"2":2,"3":2,"4":2,"5":2,"6":1},"f":{"0":2},"b":{}}
,"/home/gabriel/Documentos/Bootcamp/drivent/Drivent-Back/tests/factories/userFactory.ts": {"path":"/home/gabriel/Documentos/Bootcamp/drivent/Drivent-Back/tests/factories/userFactory.ts","statementMap":{"0":{"start":{"line":1,"column":0},"end":{"line":1,"column":26}},"1":{"start":{"line":2,"column":0},"end":{"line":2,"column":31}},"2":{"start":{"line":4,"column":0},"end":{"line":4,"column":35}},"3":{"start":{"line":5,"column":0},"end":{"line":5,"column":44}},"4":{"start":{"line":8,"column":15},"end":{"line":11,"column":4}},"5":{"start":{"line":13,"column":2},"end":{"line":13,"column":20}},"6":{"start":{"line":15,"column":2},"end":{"line":15,"column":14}},"7":{"start":{"line":7,"column":0},"end":{"line":7,"column":22}},"8":{"start":{"line":19,"column":2},"end":{"line":19,"column":45}},"9":{"start":{"line":20,"column":2},"end":{"line":20,"column":44}},"10":{"start":{"line":22,"column":16},"end":{"line":27,"column":null}},"11":{"start":{"line":30,"column":2},"end":{"line":30,"column":15}},"12":{"start":{"line":18,"column":0},"end":{"line":18,"column":22}}},"fnMap":{"0":{"name":"createUser","decl":{"start":{"line":7,"column":22},"end":{"line":7,"column":32}},"loc":{"start":{"line":7,"column":32},"end":{"line":16,"column":null}}},"1":{"name":"createSession","decl":{"start":{"line":18,"column":22},"end":{"line":18,"column":35}},"loc":{"start":{"line":18,"column":46},"end":{"line":31,"column":null}}}},"branchMap":{},"s":{"0":6,"1":6,"2":6,"3":6,"4":15,"5":15,"6":15,"7":6,"8":6,"9":6,"10":6,"11":6,"12":6},"f":{"0":15,"1":6},"b":{}}
,"/home/gabriel/Documentos/Bootcamp/drivent/Drivent-Back/tests/utils/app.ts": {"path":"/home/gabriel/Documentos/Bootcamp/drivent/Drivent-Back/tests/utils/app.ts","statementMap":{"0":{"start":{"line":1,"column":0},"end":{"line":1,"column":49}},"1":{"start":{"line":4,"column":20},"end":{"line":4,"column":91}},"2":{"start":{"line":5,"column":18},"end":{"line":5,"column":87}},"3":{"start":{"line":6,"column":21},"end":{"line":6,"column":81}},"4":{"start":{"line":7,"column":26},"end":{"line":7,"column":84}},"5":{"start":{"line":8,"column":20},"end":{"line":8,"column":77}},"6":{"start":{"line":10,"column":2},"end":{"line":10,"column":83}},"7":{"start":{"line":12,"column":2},"end":{"line":18,"column":4}},"8":{"start":{"line":3,"column":0},"end":{"line":3,"column":22}}},"fnMap":{"0":{"name":"createBasicSettings","decl":{"start":{"line":3,"column":22},"end":{"line":3,"column":41}},"loc":{"start":{"line":3,"column":41},"end":{"line":19,"column":null}}}},"branchMap":{},"s":{"0":7,"1":21,"2":21,"3":21,"4":21,"5":21,"6":21,"7":21,"8":7},"f":{"0":21},"b":{}}
,"/home/gabriel/Documentos/Bootcamp/drivent/Drivent-Back/tests/utils/database.ts": {"path":"/home/gabriel/Documentos/Bootcamp/drivent/Drivent-Back/tests/utils/database.ts","statementMap":{"0":{"start":{"line":1,"column":0},"end":{"line":1,"column":40}},"1":{"start":{"line":4,"column":19},"end":{"line":4,"column":21}},"2":{"start":{"line":6,"column":21},"end":{"line":6,"column":36}},"3":{"start":{"line":8,"column":2},"end":{"line":10,"column":null}},"4":{"start":{"line":9,"column":4},"end":{"line":9,"column":78}},"5":{"start":{"line":12,"column":2},"end":{"line":12,"column":18}},"6":{"start":{"line":16,"column":19},"end":{"line":16,"column":32}},"7":{"start":{"line":17,"column":21},"end":{"line":17,"column":36}},"8":{"start":{"line":19,"column":2},"end":{"line":26,"column":null}},"9":{"start":{"line":20,"column":4},"end":{"line":25,"column":null}},"10":{"start":{"line":21,"column":6},"end":{"line":21,"column":77}},"11":{"start":{"line":24,"column":6},"end":{"line":24,"column":28}},"12":{"start":{"line":15,"column":0},"end":{"line":15,"column":22}},"13":{"start":{"line":30,"column":2},"end":{"line":30,"column":32}},"14":{"start":{"line":29,"column":0},"end":{"line":29,"column":22}}},"fnMap":{"0":{"name":"getEntities","decl":{"start":{"line":3,"column":9},"end":{"line":3,"column":20}},"loc":{"start":{"line":3,"column":20},"end":{"line":13,"column":1}}},"1":{"name":"clearDatabase","decl":{"start":{"line":15,"column":22},"end":{"line":15,"column":35}},"loc":{"start":{"line":15,"column":35},"end":{"line":27,"column":null}}},"2":{"name":"endConnection","decl":{"start":{"line":29,"column":22},"end":{"line":29,"column":35}},"loc":{"start":{"line":29,"column":35},"end":{"line":31,"column":null}}}},"branchMap":{},"s":{"0":7,"1":28,"2":28,"3":28,"4":420,"5":28,"6":28,"7":28,"8":28,"9":420,"10":420,"11":0,"12":7,"13":7,"14":7},"f":{"0":28,"1":28,"2":7},"b":{}}
}
