TN:
SF:src/app.ts
FN:19,(anonymous_8)
FN:28,(anonymous_9)
FN:31,(anonymous_10)
FN:52,init
FNF:4
FNH:2
FNDA:0,(anonymous_8)
FNDA:0,(anonymous_9)
FNDA:7,(anonymous_10)
FNDA:7,init
DA:1,7
DA:3,7
DA:4,7
DA:5,7
DA:6,7
DA:7,7
DA:8,7
DA:9,7
DA:11,7
DA:12,7
DA:13,7
DA:15,7
DA:16,7
DA:17,7
DA:19,7
DA:20,0
DA:22,7
DA:23,7
DA:24,7
DA:28,7
DA:29,0
DA:31,7
DA:32,7
DA:35,7
DA:49,7
DA:50,7
DA:52,7
DA:53,7
DA:56,7
LF:29
LH:27
BRF:0
BRH:0
end_of_record
TN:
SF:src/database.ts
FN:10,connect
FNF:1
FNH:1
FNDA:7,connect
DA:1,7
DA:3,7
DA:7,0
DA:10,7
DA:11,7
DA:13,7
DA:28,7
DA:30,7
LF:8
LH:7
BRDA:3,0,0,0
BRDA:3,0,1,7
BRDA:4,1,0,7
BRDA:4,1,1,0
BRDA:18,2,0,0
BRDA:18,2,1,7
BRF:6
BRH:3
end_of_record
TN:
SF:src/setup.ts
FNF:0
FNH:0
DA:1,7
DA:3,7
DA:5,7
LF:3
LH:3
BRDA:3,0,0,7
BRDA:3,0,1,0
BRF:2
BRH:1
end_of_record
TN:
SF:src/controllers/client/activity.ts
FN:5,getActivitiesDaysList
FN:10,saveActivityUserReservation
FN:26,deleteActivityUserReservation
FNF:3
FNH:3
FNDA:1,getActivitiesDaysList
FNDA:3,saveActivityUserReservation
FNDA:1,deleteActivityUserReservation
DA:3,7
DA:5,7
DA:6,1
DA:7,1
DA:10,7
DA:11,3
DA:12,3
DA:13,3
DA:17,3
DA:18,1
DA:20,2
DA:21,1
DA:23,1
DA:26,7
DA:30,1
DA:31,1
DA:32,1
DA:33,1
LF:18
LH:18
BRDA:17,0,0,1
BRDA:17,0,1,2
BRDA:20,1,0,1
BRDA:20,1,1,1
BRF:4
BRH:4
end_of_record
TN:
SF:src/controllers/client/auth.ts
FN:5,signIn
FNF:1
FNH:0
FNDA:0,signIn
DA:3,7
DA:5,7
DA:6,0
DA:11,0
LF:4
LH:2
BRF:0
BRH:0
end_of_record
TN:
SF:src/controllers/client/enrollment.ts
FN:7,saveEnrollmentInfo
FN:14,getEnrollmentInfos
FNF:2
FNH:0
FNDA:0,saveEnrollmentInfo
FNDA:0,getEnrollmentInfos
DA:2,7
DA:4,7
DA:7,7
DA:8,0
DA:9,0
DA:10,0
DA:11,0
DA:14,7
DA:15,0
DA:17,0
DA:18,0
DA:21,0
LF:12
LH:4
BRDA:17,0,0,0
BRDA:17,0,1,0
BRF:2
BRH:0
end_of_record
TN:
SF:src/controllers/client/event.ts
FN:5,get
FNF:1
FNH:1
FNDA:1,get
DA:3,7
DA:5,7
DA:6,1
DA:7,1
LF:4
LH:4
BRF:0
BRH:0
end_of_record
TN:
SF:src/controllers/client/hotel.ts
FN:4,getHotelInfo
FNF:1
FNH:1
FNDA:1,getHotelInfo
DA:2,7
DA:4,7
DA:5,1
DA:6,1
LF:4
LH:4
BRF:0
BRH:0
end_of_record
TN:
SF:src/controllers/client/payments.ts
FN:6,savePayment
FNF:1
FNH:1
FNDA:1,savePayment
DA:2,7
DA:4,7
DA:6,7
DA:7,1
DA:8,1
DA:9,1
DA:10,0
DA:13,1
DA:14,1
DA:15,0
DA:17,1
LF:11
LH:9
BRDA:9,0,0,0
BRDA:9,0,1,1
BRDA:9,1,0,1
BRDA:9,1,1,1
BRDA:9,1,2,1
BRDA:14,2,0,0
BRDA:14,2,1,1
BRF:7
BRH:5
end_of_record
TN:
SF:src/controllers/client/reservation.ts
FN:7,createReservation
FN:14,getReservation
FN:20,insertRoomReservation
FNF:3
FNH:3
FNDA:1,createReservation
FNDA:2,getReservation
FNDA:7,insertRoomReservation
DA:2,7
DA:4,7
DA:7,7
DA:8,1
DA:9,1
DA:10,1
DA:11,1
DA:14,7
DA:15,2
DA:16,2
DA:17,2
DA:20,7
DA:21,7
DA:22,7
DA:23,7
DA:24,0
DA:27,7
DA:28,7
DA:29,2
DA:31,5
LF:20
LH:19
BRDA:23,0,0,0
BRDA:23,0,1,7
BRDA:23,1,0,7
BRDA:23,1,1,7
BRDA:28,2,0,2
BRDA:28,2,1,5
BRF:6
BRH:5
end_of_record
TN:
SF:src/controllers/client/ticket.ts
FN:5,get
FNF:1
FNH:0
FNDA:0,get
DA:3,7
DA:5,7
DA:6,0
DA:7,0
LF:4
LH:2
BRF:0
BRH:0
end_of_record
TN:
SF:src/controllers/client/user.ts
FN:6,signUp
FNF:1
FNH:1
FNDA:3,signUp
DA:2,7
DA:4,7
DA:6,7
DA:7,3
DA:8,1
LF:5
LH:5
BRF:0
BRH:0
end_of_record
TN:
SF:src/entities/Activity.ts
FN:36,(anonymous_3)
FN:39,(anonymous_4)
FN:42,(anonymous_5)
FN:42,(anonymous_6)
FNF:4
FNH:4
FNDA:7,(anonymous_3)
FNDA:7,(anonymous_4)
FNDA:7,(anonymous_5)
FNDA:7,(anonymous_6)
DA:1,7
DA:9,7
DA:10,7
DA:11,7
DA:14,7
DA:16,7
DA:19,7
DA:22,7
DA:25,7
DA:28,7
DA:31,7
DA:34,7
DA:36,7
DA:37,7
DA:39,7
DA:40,7
DA:42,7
DA:45,7
LF:18
LH:18
BRF:0
BRH:0
end_of_record
TN:
SF:src/entities/ActivityPlace.ts
FNF:0
FNH:0
DA:1,7
DA:4,7
DA:6,7
DA:9,7
LF:4
LH:4
BRF:0
BRH:0
end_of_record
TN:
SF:src/entities/Address.ts
FN:33,(anonymous_3)
FN:33,(anonymous_4)
FNF:2
FNH:2
FNDA:7,(anonymous_3)
FNDA:7,(anonymous_4)
DA:1,7
DA:2,7
DA:5,7
DA:7,7
DA:10,7
DA:13,7
DA:16,7
DA:19,7
DA:22,7
DA:25,7
DA:28,7
DA:31,7
DA:33,7
DA:35,7
LF:14
LH:14
BRF:0
BRH:0
end_of_record
TN:
SF:src/entities/Enrollment.ts
FN:29,(anonymous_10)
FN:48,(anonymous_11)
FN:63,(anonymous_13)
FN:26,(anonymous_15)
FN:26,(anonymous_16)
FNF:5
FNH:2
FNDA:0,(anonymous_10)
FNDA:0,(anonymous_11)
FNDA:0,(anonymous_13)
FNDA:7,(anonymous_15)
FNDA:7,(anonymous_16)
DA:1,7
DA:3,7
DA:4,7
DA:7,7
DA:9,7
DA:12,7
DA:15,7
DA:18,7
DA:21,7
DA:24,7
DA:26,7
DA:27,7
DA:30,0
DA:31,0
DA:32,0
DA:33,0
DA:34,0
DA:36,0
DA:37,0
DA:39,0
DA:40,0
DA:41,0
DA:42,0
DA:43,0
DA:44,0
DA:45,0
DA:49,0
DA:51,0
DA:52,0
DA:55,0
DA:56,0
DA:57,0
DA:59,0
DA:60,0
DA:64,0
LF:35
LH:12
BRDA:36,0,0,0
BRDA:36,0,1,0
BRDA:51,1,0,0
BRDA:51,1,1,0
BRDA:51,2,0,0
BRDA:51,2,1,0
BRDA:55,3,0,0
BRDA:55,3,1,0
BRF:8
BRH:0
end_of_record
TN:
SF:src/entities/EventDay.ts
FN:18,(anonymous_3)
FN:18,(anonymous_4)
FNF:2
FNH:2
FNDA:7,(anonymous_3)
FNDA:7,(anonymous_4)
DA:1,7
DA:8,7
DA:11,7
DA:13,7
DA:16,7
DA:18,7
DA:19,7
LF:7
LH:7
BRF:0
BRH:0
end_of_record
TN:
SF:src/entities/Hotel.ts
FN:11,(anonymous_3)
FN:27,(anonymous_4)
FN:28,(anonymous_5)
FN:31,(anonymous_6)
FN:34,(anonymous_7)
FN:21,(anonymous_8)
FN:21,(anonymous_9)
FNF:7
FNH:5
FNDA:27,(anonymous_3)
FNDA:1,(anonymous_4)
FNDA:0,(anonymous_5)
FNDA:1,(anonymous_6)
FNDA:0,(anonymous_7)
FNDA:7,(anonymous_8)
FNDA:7,(anonymous_9)
DA:1,7
DA:8,7
DA:11,7
DA:13,7
DA:16,7
DA:19,7
DA:21,7
DA:22,7
DA:24,27
DA:25,27
DA:28,1
DA:32,1
DA:33,1
DA:34,3
DA:35,0
DA:36,0
DA:37,0
DA:42,0
DA:43,0
DA:48,0
DA:52,1
DA:53,0
DA:54,1
DA:55,0
DA:56,1
DA:57,0
LF:26
LH:17
BRDA:35,0,0,0
BRDA:35,0,1,0
BRDA:35,1,0,0
BRDA:35,1,1,0
BRDA:35,1,2,0
BRDA:37,2,0,0
BRDA:37,2,1,0
BRDA:38,3,0,0
BRDA:38,3,1,0
BRDA:38,3,2,0
BRDA:43,4,0,0
BRDA:43,4,1,0
BRDA:44,5,0,0
BRDA:44,5,1,0
BRDA:44,5,2,0
BRDA:52,6,0,0
BRDA:52,6,1,1
BRDA:54,7,0,0
BRDA:54,7,1,1
BRDA:56,8,0,0
BRDA:56,8,1,1
BRF:21
BRH:3
end_of_record
TN:
SF:src/entities/Payment.ts
FN:21,(anonymous_3)
FN:24,(anonymous_4)
FNF:2
FNH:1
FNDA:0,(anonymous_3)
FNDA:7,(anonymous_4)
DA:1,7
DA:8,7
DA:11,7
DA:13,7
DA:16,7
DA:19,7
DA:21,0
DA:22,7
DA:24,7
DA:25,7
LF:10
LH:9
BRF:0
BRH:0
end_of_record
TN:
SF:src/entities/Reservation.ts
FN:49,(anonymous_10)
FN:34,(anonymous_12)
FN:38,(anonymous_13)
FN:38,(anonymous_14)
FN:42,(anonymous_15)
FN:45,(anonymous_16)
FN:45,(anonymous_17)
FNF:7
FNH:7
FNDA:1,(anonymous_10)
FNDA:7,(anonymous_12)
FNDA:7,(anonymous_13)
FNDA:7,(anonymous_14)
FNDA:7,(anonymous_15)
FNDA:7,(anonymous_16)
FNDA:7,(anonymous_17)
DA:1,7
DA:10,7
DA:11,7
DA:12,7
DA:13,7
DA:18,7
DA:20,7
DA:23,7
DA:26,7
DA:29,7
DA:32,7
DA:34,7
DA:36,7
DA:38,7
DA:40,7
DA:42,7
DA:43,7
DA:45,7
DA:47,7
DA:50,1
DA:51,1
DA:53,1
DA:55,1
DA:56,1
DA:57,1
DA:58,1
DA:60,1
DA:62,1
DA:64,1
DA:66,1
LF:30
LH:30
BRF:0
BRH:0
end_of_record
TN:
SF:src/entities/Room.ts
FN:24,(anonymous_3)
FNF:1
FNH:1
FNDA:7,(anonymous_3)
DA:1,7
DA:8,7
DA:11,7
DA:13,7
DA:16,7
DA:19,7
DA:22,7
DA:24,7
DA:25,7
LF:9
LH:9
BRF:0
BRH:0
end_of_record
TN:
SF:src/entities/Session.ts
FN:14,(anonymous_9)
FNF:1
FNH:0
FNDA:0,(anonymous_9)
DA:1,7
DA:4,7
DA:6,7
DA:9,7
DA:12,7
DA:15,0
DA:16,0
DA:17,0
LF:8
LH:5
BRF:0
BRH:0
end_of_record
TN:
SF:src/entities/Setting.ts
FN:14,(anonymous_9)
FN:17,(anonymous_11)
FN:18,(anonymous_12)
FNF:3
FNH:3
FNDA:4,(anonymous_9)
FNDA:20,(anonymous_11)
FNDA:60,(anonymous_12)
DA:1,7
DA:4,7
DA:6,7
DA:9,7
DA:12,7
DA:15,4
DA:17,4
DA:18,60
DA:20,4
LF:9
LH:9
BRF:0
BRH:0
end_of_record
TN:
SF:src/entities/Ticket.ts
FN:24,(anonymous_3)
FNF:1
FNH:1
FNDA:7,(anonymous_3)
DA:1,7
DA:8,7
DA:11,7
DA:13,7
DA:16,7
DA:19,7
DA:22,7
DA:24,7
DA:25,7
LF:9
LH:9
BRF:0
BRH:0
end_of_record
TN:
SF:src/entities/TicketPrice.ts
FN:14,(anonymous_9)
FNF:1
FNH:0
FNDA:0,(anonymous_9)
DA:1,7
DA:4,7
DA:6,7
DA:9,7
DA:12,7
DA:15,0
LF:6
LH:5
BRF:0
BRH:0
end_of_record
TN:
SF:src/entities/User.ts
FN:29,(anonymous_10)
FN:39,(anonymous_12)
FN:43,(anonymous_13)
FN:51,(anonymous_15)
FN:23,(anonymous_17)
FN:26,(anonymous_18)
FN:26,(anonymous_19)
FNF:7
FNH:5
FNDA:2,(anonymous_10)
FNDA:1,(anonymous_12)
FNDA:2,(anonymous_13)
FNDA:0,(anonymous_15)
FNDA:0,(anonymous_17)
FNDA:7,(anonymous_18)
FNDA:7,(anonymous_19)
DA:1,7
DA:8,7
DA:9,7
DA:10,7
DA:13,7
DA:15,7
DA:18,7
DA:21,7
DA:23,0
DA:24,7
DA:26,7
DA:27,7
DA:30,2
DA:31,1
DA:33,1
DA:34,1
DA:36,1
DA:40,1
DA:44,2
DA:46,2
DA:47,1
DA:52,0
DA:54,0
DA:55,0
DA:58,0
LF:25
LH:20
BRDA:46,0,0,1
BRDA:46,0,1,1
BRDA:54,1,0,0
BRDA:54,1,1,0
BRDA:54,2,0,0
BRDA:54,2,1,0
BRF:6
BRH:2
end_of_record
TN:
SF:src/entities/UserActivities.ts
FN:22,(anonymous_3)
FN:25,(anonymous_4)
FNF:2
FNH:2
FNDA:7,(anonymous_3)
FNDA:7,(anonymous_4)
DA:1,7
DA:8,7
DA:9,7
DA:12,7
DA:14,7
DA:17,7
DA:20,7
DA:22,7
DA:23,7
DA:25,7
DA:26,7
LF:11
LH:11
BRF:0
BRH:0
end_of_record
TN:
SF:src/errors/CannotEnrollBeforeStartDate.ts
FN:2,(anonymous_0)
FNF:1
FNH:1
FNDA:1,(anonymous_0)
DA:1,7
DA:3,1
DA:5,1
LF:3
LH:3
BRF:0
BRH:0
end_of_record
TN:
SF:src/errors/ConflictError.ts
FN:2,(anonymous_0)
FNF:1
FNH:1
FNDA:1,(anonymous_0)
DA:1,7
DA:3,1
DA:5,1
LF:3
LH:3
BRF:0
BRH:0
end_of_record
TN:
SF:src/errors/CpfNotAvailable.ts
FN:4,(anonymous_1)
FNF:1
FNH:0
FNDA:0,(anonymous_1)
DA:1,7
DA:3,7
DA:5,0
DA:7,0
LF:4
LH:2
BRF:0
BRH:0
end_of_record
TN:
SF:src/errors/EmailNotAvailable.ts
FN:4,(anonymous_1)
FNF:1
FNH:1
FNDA:1,(anonymous_1)
DA:1,7
DA:3,7
DA:5,1
DA:7,1
LF:4
LH:4
BRF:0
BRH:0
end_of_record
TN:
SF:src/errors/InvalidData.ts
FN:4,(anonymous_0)
FNF:1
FNH:0
FNDA:0,(anonymous_0)
DA:1,7
DA:5,0
DA:7,0
DA:8,0
LF:4
LH:1
BRF:0
BRH:0
end_of_record
TN:
SF:src/errors/InvalidEmail.ts
FN:2,(anonymous_0)
FNF:1
FNH:0
FNDA:0,(anonymous_0)
DA:1,7
DA:3,0
DA:5,0
LF:3
LH:1
BRF:0
BRH:0
end_of_record
TN:
SF:src/errors/NotFoundError.ts
FN:2,(anonymous_0)
FNF:1
FNH:0
FNDA:0,(anonymous_0)
DA:1,7
DA:3,0
DA:5,0
LF:3
LH:1
BRF:0
BRH:0
end_of_record
TN:
SF:src/errors/Unauthorized.ts
FN:2,(anonymous_0)
FNF:1
FNH:1
FNDA:3,(anonymous_0)
DA:1,7
DA:3,3
DA:5,3
LF:3
LH:3
BRF:0
BRH:0
end_of_record
TN:
SF:src/middlewares/errorHandlingMiddleware.ts
FN:12,errorHandlingMiddleware
FNF:1
FNH:1
FNDA:5,errorHandlingMiddleware
DA:2,7
DA:4,7
DA:5,7
DA:6,7
DA:7,7
DA:8,7
DA:9,7
DA:12,7
DA:13,5
DA:14,0
DA:19,5
DA:20,1
DA:25,4
DA:26,0
DA:32,4
DA:33,1
DA:38,3
DA:39,3
DA:44,0
DA:45,0
DA:51,0
DA:52,0
LF:22
LH:16
BRDA:13,0,0,0
BRDA:13,0,1,5
BRDA:19,1,0,1
BRDA:19,1,1,4
BRDA:25,2,0,0
BRDA:25,2,1,4
BRDA:32,3,0,1
BRDA:32,3,1,3
BRDA:38,4,0,3
BRDA:38,4,1,0
BRDA:44,5,0,0
BRDA:44,5,1,0
BRF:12
BRH:7
end_of_record
TN:
SF:src/middlewares/schemaValidatingMiddleware.ts
FN:10,schemaValidatingMiddleware
FN:11,(anonymous_2)
FN:15,(anonymous_3)
FNF:3
FNH:2
FNDA:21,schemaValidatingMiddleware
FNDA:3,(anonymous_2)
FNDA:0,(anonymous_3)
DA:4,7
DA:10,7
DA:11,21
DA:12,3
DA:14,3
DA:15,0
DA:18,3
LF:7
LH:6
BRDA:10,0,0,21
BRDA:14,1,0,0
BRDA:14,1,1,3
BRF:3
BRH:2
end_of_record
TN:
SF:src/middlewares/tokenValidationMiddleware.ts
FN:14,authenticationMiddleware
FNF:1
FNH:1
FNDA:21,authenticationMiddleware
DA:3,7
DA:5,7
DA:6,7
DA:14,7
DA:19,21
DA:20,21
DA:22,21
DA:24,21
DA:25,0
DA:28,21
DA:32,18
DA:34,18
DA:35,18
DA:36,0
DA:39,18
DA:40,18
DA:42,3
LF:17
LH:15
BRDA:22,0,0,0
BRDA:22,0,1,21
BRDA:22,1,0,21
BRDA:22,1,1,21
BRDA:24,2,0,0
BRDA:24,2,1,21
BRDA:35,3,0,0
BRDA:35,3,1,18
BRF:8
BRH:5
end_of_record
TN:
SF:src/routers/index.ts
FNF:0
FNH:0
DA:1,7
DA:3,7
DA:5,7
DA:7,7
DA:9,7
LF:5
LH:5
BRF:0
BRH:0
end_of_record
TN:
SF:src/routers/client/activity.ts
FNF:0
FNH:0
DA:1,7
DA:3,7
DA:5,7
DA:7,7
DA:8,7
DA:9,7
DA:10,7
LF:7
LH:7
BRF:0
BRH:0
end_of_record
TN:
SF:src/routers/client/auth.ts
FNF:0
FNH:0
DA:1,7
DA:3,7
DA:4,7
DA:6,7
DA:8,7
DA:10,7
DA:12,7
LF:7
LH:7
BRF:0
BRH:0
end_of_record
TN:
SF:src/routers/client/enrollment.ts
FNF:0
FNH:0
DA:1,7
DA:3,7
DA:5,7
DA:7,7
DA:9,7
DA:11,7
DA:12,7
DA:14,7
LF:8
LH:8
BRF:0
BRH:0
end_of_record
TN:
SF:src/routers/client/event.ts
FNF:0
FNH:0
DA:1,7
DA:3,7
DA:5,7
DA:7,7
DA:9,7
LF:5
LH:5
BRF:0
BRH:0
end_of_record
TN:
SF:src/routers/client/hotel.ts
FNF:0
FNH:0
DA:1,7
DA:3,7
DA:5,7
DA:7,7
DA:9,7
LF:5
LH:5
BRF:0
BRH:0
end_of_record
TN:
SF:src/routers/client/index.ts
FNF:0
FNH:0
DA:1,7
DA:3,7
DA:4,7
DA:5,7
DA:6,7
DA:7,7
DA:8,7
DA:9,7
DA:10,7
DA:11,7
DA:13,7
DA:15,7
DA:17,7
DA:18,7
DA:19,7
DA:20,7
DA:21,7
DA:22,7
DA:23,7
DA:24,7
DA:25,7
DA:27,7
LF:22
LH:22
BRF:0
BRH:0
end_of_record
TN:
SF:src/routers/client/payment.ts
FNF:0
FNH:0
DA:1,7
DA:3,7
DA:5,7
DA:7,7
DA:9,7
LF:5
LH:5
BRF:0
BRH:0
end_of_record
TN:
SF:src/routers/client/reservation.ts
FNF:0
FNH:0
DA:1,7
DA:3,7
DA:5,7
DA:7,7
DA:8,7
DA:9,7
DA:11,7
LF:7
LH:7
BRF:0
BRH:0
end_of_record
TN:
SF:src/routers/client/ticket.ts
FNF:0
FNH:0
DA:1,7
DA:3,7
DA:5,7
DA:7,7
DA:9,7
LF:5
LH:5
BRF:0
BRH:0
end_of_record
TN:
SF:src/routers/client/user.ts
FNF:0
FNH:0
DA:1,7
DA:3,7
DA:5,7
DA:6,7
DA:8,7
DA:10,7
DA:12,7
LF:7
LH:7
BRF:0
BRH:0
end_of_record
TN:
SF:src/schemas/createNewUser.ts
FNF:0
FNH:0
DA:1,7
DA:3,7
LF:2
LH:2
BRF:0
BRH:0
end_of_record
TN:
SF:src/schemas/enrollmentSchema.ts
FNF:0
FNH:0
DA:1,7
DA:3,7
LF:2
LH:2
BRF:0
BRH:0
end_of_record
TN:
SF:src/schemas/signInSchema.ts
FNF:0
FNH:0
DA:1,7
DA:3,7
LF:2
LH:2
BRF:0
BRH:0
end_of_record
TN:
SF:src/services/client/activity.ts
FN:9,getActivitiesDaysList
FN:20,saveActivityUserReservation
FN:37,deleteActivityUserReservation
FN:47,checkActivityTimeConflict
FN:52,(anonymous_16)
FNF:5
FNH:5
FNDA:1,getActivitiesDaysList
FNDA:3,saveActivityUserReservation
FNDA:1,deleteActivityUserReservation
FNDA:2,checkActivityTimeConflict
FNDA:1,(anonymous_16)
DA:1,7
DA:2,7
DA:3,7
DA:4,7
DA:5,7
DA:6,7
DA:7,7
DA:9,7
DA:10,1
DA:17,1
DA:20,7
DA:24,3
DA:25,3
DA:26,3
DA:27,1
DA:29,2
DA:30,1
DA:31,1
DA:32,1
DA:33,1
DA:34,1
DA:37,7
DA:41,1
DA:48,2
DA:52,2
DA:53,1
DA:54,1
DA:74,1
DA:78,2
LF:29
LH:29
BRDA:26,0,0,1
BRDA:26,0,1,2
BRDA:29,1,0,1
BRDA:29,1,1,1
BRDA:53,2,0,1
BRDA:53,2,1,0
BRDA:54,3,0,1
BRDA:54,3,1,0
BRDA:55,4,0,1
BRDA:55,4,1,0
BRDA:78,5,0,1
BRDA:78,5,1,1
BRF:12
BRH:9
end_of_record
TN:
SF:src/services/client/auth.ts
FN:7,signIn
FNF:1
FNH:0
FNDA:0,signIn
DA:1,7
DA:3,7
DA:4,7
DA:7,7
DA:8,0
DA:10,0
DA:11,0
DA:13,0
DA:17,0
DA:19,0
LF:10
LH:4
BRDA:10,0,0,0
BRDA:10,0,1,0
BRF:2
BRH:0
end_of_record
TN:
SF:src/services/client/enrollment.ts
FN:4,createNewEnrollment
FN:8,getEnrollmentWithAddress
FNF:2
FNH:0
FNDA:0,createNewEnrollment
FNDA:0,getEnrollmentWithAddress
DA:2,7
DA:4,7
DA:5,0
DA:8,7
DA:9,0
LF:5
LH:3
BRF:0
BRH:0
end_of_record
TN:
SF:src/services/client/event.ts
FN:3,getEventInfo
FNF:1
FNH:1
FNDA:1,getEventInfo
DA:1,7
DA:3,7
DA:4,1
LF:3
LH:3
BRF:0
BRH:0
end_of_record
TN:
SF:src/services/client/hotel.ts
FN:3,getHotelInfo
FN:9,(anonymous_10)
FNF:2
FNH:2
FNDA:1,getHotelInfo
FNDA:1,(anonymous_10)
DA:1,7
DA:3,7
DA:4,1
DA:9,1
DA:10,1
DA:11,1
DA:13,1
LF:7
LH:7
BRF:0
BRH:0
end_of_record
TN:
SF:src/services/client/payments.ts
FN:4,savePayment
FNF:1
FNH:1
FNDA:1,savePayment
DA:1,7
DA:2,7
DA:4,7
DA:5,1
DA:7,1
DA:8,1
DA:10,1
DA:12,1
DA:13,1
DA:14,1
DA:15,1
DA:16,1
LF:12
LH:12
BRF:0
BRH:0
end_of_record
TN:
SF:src/services/client/reservation.ts
FN:6,createReservation
FN:10,findReservation
FN:15,insertRoomReservation
FN:27,refundRoomVacancy
FN:33,removeRoomVacancyAndSaveReservation
FNF:5
FNH:5
FNDA:1,createReservation
FNDA:2,findReservation
FNDA:7,insertRoomReservation
FNDA:2,refundRoomVacancy
FNDA:6,removeRoomVacancyAndSaveReservation
DA:1,7
DA:2,7
DA:6,7
DA:7,1
DA:10,7
DA:11,2
DA:12,2
DA:15,7
DA:16,7
DA:17,7
DA:19,6
DA:21,6
DA:22,6
DA:23,5
DA:24,5
DA:28,2
DA:29,2
DA:30,2
DA:34,6
DA:35,5
DA:36,5
DA:37,5
DA:38,5
DA:39,5
LF:24
LH:24
BRDA:17,0,0,1
BRDA:17,0,1,6
BRDA:17,1,0,7
BRDA:17,1,1,5
BRDA:17,2,0,4
BRDA:17,2,1,1
BRDA:17,3,0,5
BRDA:17,3,1,1
BRDA:22,4,0,1
BRDA:22,4,1,5
BRDA:23,5,0,2
BRDA:23,5,1,3
BRDA:34,6,0,1
BRDA:34,6,1,5
BRF:14
BRH:14
end_of_record
TN:
SF:src/services/client/ticket.ts
FN:3,getPrices
FN:6,(anonymous_10)
FNF:2
FNH:0
FNDA:0,getPrices
FNDA:0,(anonymous_10)
DA:1,7
DA:3,7
DA:4,0
DA:5,0
DA:6,0
DA:7,0
DA:9,0
LF:7
LH:2
BRF:0
BRH:0
end_of_record
TN:
SF:src/services/client/user.ts
FN:7,createNewUser
FNF:1
FNH:1
FNDA:3,createNewUser
DA:1,7
DA:2,7
DA:4,7
DA:5,7
DA:7,7
DA:8,3
DA:10,3
DA:11,1
DA:14,2
DA:15,1
LF:10
LH:10
BRDA:10,0,0,1
BRDA:10,0,1,2
BRF:2
BRH:2
end_of_record
TN:
SF:tests/factories/activityFactory.ts
FN:4,createActivity
FNF:1
FNH:1
FNDA:5,createActivity
DA:2,1
DA:4,1
DA:9,5
DA:11,5
DA:12,5
DA:13,5
DA:14,5
DA:15,5
DA:16,5
DA:18,5
DA:20,5
LF:11
LH:11
BRF:0
BRH:0
end_of_record
TN:
SF:tests/factories/activityPlaceFactory.ts
FN:3,createActivityPlace
FNF:1
FNH:1
FNDA:4,createActivityPlace
DA:1,1
DA:3,1
DA:4,4
DA:6,4
DA:8,4
DA:9,4
LF:6
LH:6
BRF:0
BRH:0
end_of_record
TN:
SF:tests/factories/eventDayFactory.ts
FN:3,createEventDay
FNF:1
FNH:1
FNDA:6,createEventDay
DA:1,1
DA:3,1
DA:4,6
DA:8,6
DA:10,6
LF:5
LH:5
BRF:0
BRH:0
end_of_record
TN:
SF:tests/factories/hotelFactory.ts
FN:3,createHotel
FNF:1
FNH:1
FNDA:1,createHotel
DA:1,1
DA:3,1
DA:4,1
DA:9,1
DA:11,1
LF:5
LH:5
BRF:0
BRH:0
end_of_record
TN:
SF:tests/factories/paymentFactory.ts
FN:3,createPayment
FNF:1
FNH:1
FNDA:6,createPayment
DA:1,1
DA:3,1
DA:4,6
DA:10,6
DA:12,6
LF:5
LH:5
BRF:0
BRH:0
end_of_record
TN:
SF:tests/factories/reservationFactory.ts
FN:3,createReservation
FNF:1
FNH:1
FNDA:7,createReservation
DA:1,2
DA:3,2
DA:4,7
DA:11,7
DA:13,7
LF:5
LH:5
BRDA:3,0,0,1
BRF:1
BRH:1
end_of_record
TN:
SF:tests/factories/roomFactory.ts
FN:3,createRoom
FNF:1
FNH:1
FNDA:7,createRoom
DA:1,1
DA:3,1
DA:4,7
DA:10,7
DA:12,7
LF:5
LH:5
BRDA:3,0,0,0
BRDA:3,1,0,0
BRF:2
BRH:0
end_of_record
TN:
SF:tests/factories/sessionFactory.ts
FN:5,createSession
FNF:1
FNH:1
FNDA:8,createSession
DA:1,3
DA:3,3
DA:5,3
DA:6,8
DA:7,8
DA:8,8
DA:16,8
LF:7
LH:7
BRF:0
BRH:0
end_of_record
TN:
SF:tests/factories/ticketFactory.ts
FN:3,createTicket
FNF:1
FNH:1
FNDA:7,createTicket
DA:1,2
DA:3,2
DA:4,7
DA:10,7
DA:12,7
LF:5
LH:5
BRF:0
BRH:0
end_of_record
TN:
SF:tests/factories/userActivityFactory.ts
FN:3,createSeatReservation
FNF:1
FNH:1
FNDA:2,createSeatReservation
DA:1,1
DA:3,1
DA:4,2
DA:6,2
DA:7,2
DA:9,2
DA:11,2
LF:7
LH:7
BRF:0
BRH:0
end_of_record
TN:
SF:tests/factories/userFactory.ts
FN:7,createUser
FN:18,createSession
FNF:2
FNH:2
FNDA:15,createUser
FNDA:6,createSession
DA:1,6
DA:2,6
DA:4,6
DA:5,6
DA:7,6
DA:8,15
DA:13,15
DA:15,15
DA:18,6
DA:19,6
DA:20,6
DA:22,6
DA:30,6
LF:13
LH:13
BRF:0
BRH:0
end_of_record
TN:
SF:tests/utils/app.ts
FN:3,createBasicSettings
FNF:1
FNH:1
FNDA:21,createBasicSettings
DA:1,7
DA:3,7
DA:4,21
DA:5,21
DA:6,21
DA:7,21
DA:8,21
DA:10,21
DA:12,21
LF:9
LH:9
BRF:0
BRH:0
end_of_record
TN:
SF:tests/utils/database.ts
FN:3,getEntities
FN:15,clearDatabase
FN:29,endConnection
FNF:3
FNH:3
FNDA:28,getEntities
FNDA:28,clearDatabase
FNDA:7,endConnection
DA:1,7
DA:4,28
DA:6,28
DA:8,28
DA:9,420
DA:12,28
DA:15,7
DA:16,28
DA:17,28
DA:19,28
DA:20,420
DA:21,420
DA:24,0
DA:29,7
DA:30,7
LF:15
LH:14
BRF:0
BRH:0
end_of_record
